Using pre-set license
Built from '2020.3/staging' branch; Version is '2020.3.18f1 (a7d1c678663c) revision 10998214'; Using compiler version '192528614'; Build Type 'Release'
OS: 'Windows 10 Pro; OS build 19043.1237; Version 2009; 64bit' Language: 'en' Physical Memory: 32543 MB
BatchMode: 1, IsHumanControllingUs: 0, StartBugReporterOnCrash: 0, Is64bit: 1, IsPro: 0

COMMAND LINE ARGUMENTS:
C:\Program Files\Unity\Hub\Editor\2020.3.18f1\Editor\Unity.exe
-adb2
-batchMode
-noUpm
-name
AssetImportWorker0
-projectPath
C:/Users/h.demortier/Desktop/FarmJam_Project/FarmJam/FarmJam
-logFile
Logs/AssetImportWorker0.log
-srvPort
58027
Successfully changed project path to: C:/Users/h.demortier/Desktop/FarmJam_Project/FarmJam/FarmJam
C:/Users/h.demortier/Desktop/FarmJam_Project/FarmJam/FarmJam
Using Asset Import Pipeline V2.
Refreshing native plugins compatible for Editor in 47.89 ms, found 3 plugins.
Preloading 0 native plugins for Editor in 0.00 ms.
Initialize engine version: 2020.3.18f1 (a7d1c678663c)
[Subsystems] Discovering subsystems at path C:/Program Files/Unity/Hub/Editor/2020.3.18f1/Editor/Data/Resources/UnitySubsystems
[Subsystems] Discovering subsystems at path C:/Users/h.demortier/Desktop/FarmJam_Project/FarmJam/FarmJam/Assets
GfxDevice: creating device client; threaded=0
Direct3D:
    Version:  Direct3D 11.0 [level 11.1]
    Renderer: NVIDIA GeForce RTX 2060 SUPER (ID=0x1f06)
    Vendor:   
    VRAM:     8031 MB
    Driver:   30.0.14.7135
Initialize mono
Mono path[0] = 'C:/Program Files/Unity/Hub/Editor/2020.3.18f1/Editor/Data/Managed'
Mono path[1] = 'C:/Program Files/Unity/Hub/Editor/2020.3.18f1/Editor/Data/MonoBleedingEdge/lib/mono/unityjit'
Mono config path = 'C:/Program Files/Unity/Hub/Editor/2020.3.18f1/Editor/Data/MonoBleedingEdge/etc'
Using monoOptions --debugger-agent=transport=dt_socket,embedding=1,server=y,suspend=n,address=127.0.0.1:56584
Begin MonoManager ReloadAssembly
Registering precompiled unity dll's ...
Register platform support module: C:/Program Files/Unity/Hub/Editor/2020.3.18f1/Editor/Data/PlaybackEngines/WebGLSupport/UnityEditor.WebGL.Extensions.dll
Register platform support module: C:/Program Files/Unity/Hub/Editor/2020.3.18f1/Editor/Data/PlaybackEngines/WindowsStandaloneSupport/UnityEditor.WindowsStandalone.Extensions.dll
Registered in 0.001845 seconds.
Native extension for WindowsStandalone target not found
Native extension for WebGL target not found
Refreshing native plugins compatible for Editor in 40.55 ms, found 3 plugins.
Preloading 0 native plugins for Editor in 0.00 ms.
Mono: successfully reloaded assembly
- Completed reload, in  0.957 seconds
Domain Reload Profiling:
	ReloadAssembly (957ms)
		BeginReloadAssembly (52ms)
			ExecutionOrderSort (0ms)
			DisableScriptedObjects (0ms)
			BackupInstance (0ms)
			ReleaseScriptingObjects (0ms)
			CreateAndSetChildDomain (1ms)
		EndReloadAssembly (366ms)
			LoadAssemblies (50ms)
			RebuildTransferFunctionScriptingTraits (0ms)
			SetupTypeCache (133ms)
			ReleaseScriptCaches (0ms)
			RebuildScriptCaches (28ms)
			SetupLoadedEditorAssemblies (150ms)
				LogAssemblyErrors (0ms)
				InitializePlatformSupportModulesInManaged (4ms)
				SetLoadedEditorAssemblies (0ms)
				RefreshPlugins (41ms)
				BeforeProcessingInitializeOnLoad (7ms)
				ProcessInitializeOnLoadAttributes (72ms)
				ProcessInitializeOnLoadMethodAttributes (25ms)
				AfterProcessingInitializeOnLoad (0ms)
				EditorAssembliesLoaded (0ms)
			ExecutionOrderSort2 (0ms)
			AwakeInstancesAfterBackupRestoration (0ms)
Platform modules already initialized, skipping
Registering precompiled user dll's ...
Registered in 0.002821 seconds.
Begin MonoManager ReloadAssembly
Native extension for WindowsStandalone target not found
Native extension for WebGL target not found
Refreshing native plugins compatible for Editor in 38.07 ms, found 3 plugins.
Preloading 0 native plugins for Editor in 0.00 ms.
Mono: successfully reloaded assembly
- Completed reload, in  0.968 seconds
Domain Reload Profiling:
	ReloadAssembly (969ms)
		BeginReloadAssembly (130ms)
			ExecutionOrderSort (0ms)
			DisableScriptedObjects (4ms)
			BackupInstance (0ms)
			ReleaseScriptingObjects (0ms)
			CreateAndSetChildDomain (15ms)
		EndReloadAssembly (784ms)
			LoadAssemblies (75ms)
			RebuildTransferFunctionScriptingTraits (0ms)
			SetupTypeCache (253ms)
			ReleaseScriptCaches (0ms)
			RebuildScriptCaches (43ms)
			SetupLoadedEditorAssemblies (304ms)
				LogAssemblyErrors (0ms)
				InitializePlatformSupportModulesInManaged (4ms)
				SetLoadedEditorAssemblies (0ms)
				RefreshPlugins (38ms)
				BeforeProcessingInitializeOnLoad (63ms)
				ProcessInitializeOnLoadAttributes (183ms)
				ProcessInitializeOnLoadMethodAttributes (10ms)
				AfterProcessingInitializeOnLoad (5ms)
				EditorAssembliesLoaded (0ms)
			ExecutionOrderSort2 (0ms)
			AwakeInstancesAfterBackupRestoration (6ms)
Platform modules already initialized, skipping
========================================================================
Worker process is ready to serve import requests
Launched and connected shader compiler UnityShaderCompiler.exe after 0.05 seconds
Refreshing native plugins compatible for Editor in 0.42 ms, found 3 plugins.
Preloading 0 native plugins for Editor in 0.00 ms.
Unloading 2238 Unused Serialized files (Serialized files now loaded: 0)
System memory in use before: 98.7 MB.
System memory in use after: 98.8 MB.

Unloading 27 unused Assets to reduce memory usage. Loaded Objects now: 2678.
Total: 2.690600 ms (FindLiveObjects: 0.203800 ms CreateObjectMapping: 0.087000 ms MarkObjects: 2.339600 ms  DeleteObjects: 0.059300 ms)

AssetImportParameters requested are different than current active one (requested -> active):
  custom:framework-win-MediaFoundation: 216162199b28c13a410421893ffa2e32 -> 
  custom:video-decoder-ogg-theora: a1e56fd34408186e4bbccfd4996cb3dc -> 
  custom:container-muxer-webm: aa71ff27fc2769a1b78a27578f13a17b -> 
  custom:container-demuxer-webm: 4f35f7cbe854078d1ac9338744f61a02 -> 
  custom:container-demuxer-ogg: 62fdf1f143b41e24485cea50d1cbac27 -> 
  custom:video-encoder-webm-vp8: eb34c28f22e8b96e1ab97ce403110664 -> 
  custom:video-decoder-webm-vp8: 9c59270c3fd7afecdb556c50c9e8de78 -> 
  custom:audio-decoder-ogg-vorbis: bf7c407c2cedff20999df2af8eb42d56 -> 
  custom:audio-encoder-webm-vorbis: bf7c407c2cedff20999df2af8eb42d56 -> 
========================================================================
Received Import Request.
  path: Assets/AK_Palettes/tiles_grass_16.asset
  artifactKey: Guid(e5695d904a431964fb327b7b1114b186) Importer(815301076,1909f56bfc062723c751e8b465ee728b)
Start importing Assets/AK_Palettes/tiles_grass_16.asset using Guid(e5695d904a431964fb327b7b1114b186) Importer(815301076,1909f56bfc062723c751e8b465ee728b)  -> (artifact id: '7c01707d4747ef912592874e6e7dd549') in 0.071729 seconds 
  Import took 0.074538 seconds .

========================================================================
Received Import Request.
  Time since last request: 0.000210 seconds.
  path: Assets/AK_Palettes/tiles_grass_1.asset
  artifactKey: Guid(4d8a85bfe3478434cb0b7bb2a0c50528) Importer(815301076,1909f56bfc062723c751e8b465ee728b)
Start importing Assets/AK_Palettes/tiles_grass_1.asset using Guid(4d8a85bfe3478434cb0b7bb2a0c50528) Importer(815301076,1909f56bfc062723c751e8b465ee728b)  -> (artifact id: 'c9173eaa31c106217c15e12eaeab05fb') in 0.011437 seconds 
  Import took 0.014139 seconds .

========================================================================
Received Import Request.
  Time since last request: 0.000196 seconds.
  path: Assets/AK_Palettes/tiles_grass_17.asset
  artifactKey: Guid(9b8fa4b84944e1247ba82b4b93b21ae9) Importer(815301076,1909f56bfc062723c751e8b465ee728b)
Start importing Assets/AK_Palettes/tiles_grass_17.asset using Guid(9b8fa4b84944e1247ba82b4b93b21ae9) Importer(815301076,1909f56bfc062723c751e8b465ee728b)  -> (artifact id: '3177f006e250ffef2f3a37cd44a156d8') in 0.009903 seconds 
  Import took 0.013293 seconds .

========================================================================
Received Import Request.
  Time since last request: 0.000154 seconds.
  path: Assets/AK_Palettes/mud_tiles_3.asset
  artifactKey: Guid(d991cb15fde15bc48a4967dd4f59c9cb) Importer(815301076,1909f56bfc062723c751e8b465ee728b)
Start importing Assets/AK_Palettes/mud_tiles_3.asset using Guid(d991cb15fde15bc48a4967dd4f59c9cb) Importer(815301076,1909f56bfc062723c751e8b465ee728b)  -> (artifact id: '183c575067231f366babb99e0d43f594') in 0.008900 seconds 
  Import took 0.011744 seconds .

========================================================================
Received Import Request.
  Time since last request: 0.000158 seconds.
  path: Assets/AK_Palettes/barrier_4.asset
  artifactKey: Guid(fd92fa64dc4a7664286fc1a5df67d78c) Importer(815301076,1909f56bfc062723c751e8b465ee728b)
Start importing Assets/AK_Palettes/barrier_4.asset using Guid(fd92fa64dc4a7664286fc1a5df67d78c) Importer(815301076,1909f56bfc062723c751e8b465ee728b)  -> (artifact id: '7ce7232e07e59145439819e2e26b5af7') in 0.009620 seconds 
  Import took 0.012499 seconds .

========================================================================
Received Import Request.
  Time since last request: 0.000124 seconds.
  path: Assets/AK_Palettes/tiles_grass_14.asset
  artifactKey: Guid(9de73e8d7be14de4b95d48da91ea66e2) Importer(815301076,1909f56bfc062723c751e8b465ee728b)
Start importing Assets/AK_Palettes/tiles_grass_14.asset using Guid(9de73e8d7be14de4b95d48da91ea66e2) Importer(815301076,1909f56bfc062723c751e8b465ee728b)  -> (artifact id: '1d7989a1e197c78f02856051dabbef20') in 0.008502 seconds 
  Import took 0.011395 seconds .

========================================================================
Received Import Request.
  Time since last request: 0.000205 seconds.
  path: Assets/AK_Palettes/tiles_grass_8.asset
  artifactKey: Guid(19ae84c7ce515bd478f9a4f2422d0a79) Importer(815301076,1909f56bfc062723c751e8b465ee728b)
Start importing Assets/AK_Palettes/tiles_grass_8.asset using Guid(19ae84c7ce515bd478f9a4f2422d0a79) Importer(815301076,1909f56bfc062723c751e8b465ee728b)  -> (artifact id: 'e2b71f826926e910579b4834a2c59a89') in 0.009051 seconds 
  Import took 0.012415 seconds .

========================================================================
Received Import Request.
  Time since last request: 0.000143 seconds.
  path: Assets/AK_Palettes/tiles_grass_5.asset
  artifactKey: Guid(3df44f4740eb9d44686314c2185780ef) Importer(815301076,1909f56bfc062723c751e8b465ee728b)
Start importing Assets/AK_Palettes/tiles_grass_5.asset using Guid(3df44f4740eb9d44686314c2185780ef) Importer(815301076,1909f56bfc062723c751e8b465ee728b)  -> (artifact id: '0b4709fb5aaf67c17c6c4b2513a1f4fa') in 0.009370 seconds 
  Import took 0.012900 seconds .

========================================================================
Received Import Request.
  Time since last request: 0.000140 seconds.
  path: Assets/AK_Palettes/DirtPalette.prefab
  artifactKey: Guid(1fa57048d2473a04186280192fc1104c) Importer(815301076,1909f56bfc062723c751e8b465ee728b)
Start importing Assets/AK_Palettes/DirtPalette.prefab using Guid(1fa57048d2473a04186280192fc1104c) Importer(815301076,1909f56bfc062723c751e8b465ee728b)  -> (artifact id: '0c23aa7691011083313fa44fd8b7d35a') in 0.035872 seconds 
  Import took 0.038934 seconds .

========================================================================
Received Import Request.
  Time since last request: 0.000165 seconds.
  path: Assets/AK_Palettes/GrassPalette.prefab
  artifactKey: Guid(34c99bb5c60fcfc4c927ab4148057fe3) Importer(815301076,1909f56bfc062723c751e8b465ee728b)
Start importing Assets/AK_Palettes/GrassPalette.prefab using Guid(34c99bb5c60fcfc4c927ab4148057fe3) Importer(815301076,1909f56bfc062723c751e8b465ee728b)  -> (artifact id: '8e3933334146f15963a8b22ff0155639') in 0.014388 seconds 
  Import took 0.017450 seconds .

========================================================================
Received Import Request.
  Time since last request: 0.000150 seconds.
  path: Assets/AK_Palettes/barrier_3.asset
  artifactKey: Guid(6ff899674c2780344805bd335daa7b72) Importer(815301076,1909f56bfc062723c751e8b465ee728b)
Start importing Assets/AK_Palettes/barrier_3.asset using Guid(6ff899674c2780344805bd335daa7b72) Importer(815301076,1909f56bfc062723c751e8b465ee728b)  -> (artifact id: '7b439705d225068b347ef54b1c1f36c1') in 0.008554 seconds 
  Import took 0.011269 seconds .

========================================================================
Received Import Request.
  Time since last request: 0.000146 seconds.
  path: Assets/AK_Palettes/tiles_grass_11.asset
  artifactKey: Guid(d22d9558485a8aa42b744dfa38d78f79) Importer(815301076,1909f56bfc062723c751e8b465ee728b)
Start importing Assets/AK_Palettes/tiles_grass_11.asset using Guid(d22d9558485a8aa42b744dfa38d78f79) Importer(815301076,1909f56bfc062723c751e8b465ee728b)  -> (artifact id: 'de3c6da12e5c9b10018354013e909c60') in 0.008668 seconds 
  Import took 0.011607 seconds .

========================================================================
Received Import Request.
  Time since last request: 0.000139 seconds.
  path: Assets/AK_Palettes/barrier_0.asset
  artifactKey: Guid(854ebe92880ece34589454d77deaa5d1) Importer(815301076,1909f56bfc062723c751e8b465ee728b)
Start importing Assets/AK_Palettes/barrier_0.asset using Guid(854ebe92880ece34589454d77deaa5d1) Importer(815301076,1909f56bfc062723c751e8b465ee728b)  -> (artifact id: '52ef4139d2c45793518fdacf51c239ab') in 0.010030 seconds 
  Import took 0.012961 seconds .

========================================================================
Received Import Request.
  Time since last request: 0.000128 seconds.
  path: Assets/AK_Palettes/dirt_tiles_5.asset
  artifactKey: Guid(a7969337f9db4cb48932b0ea9612e2a3) Importer(815301076,1909f56bfc062723c751e8b465ee728b)
Start importing Assets/AK_Palettes/dirt_tiles_5.asset using Guid(a7969337f9db4cb48932b0ea9612e2a3) Importer(815301076,1909f56bfc062723c751e8b465ee728b)  -> (artifact id: '604d97badc1421fae40bfa34c7acd718') in 0.008666 seconds 
  Import took 0.011675 seconds .

========================================================================
Received Import Request.
  Time since last request: 0.000140 seconds.
  path: Assets/AK_Palettes/mud_tiles_1.asset
  artifactKey: Guid(d6504228180df2c44802df90d7ba1baa) Importer(815301076,1909f56bfc062723c751e8b465ee728b)
Start importing Assets/AK_Palettes/mud_tiles_1.asset using Guid(d6504228180df2c44802df90d7ba1baa) Importer(815301076,1909f56bfc062723c751e8b465ee728b)  -> (artifact id: '299cf269146171a0eb48df31488d255c') in 0.008447 seconds 
  Import took 0.011391 seconds .

========================================================================
Received Import Request.
  Time since last request: 0.000131 seconds.
  path: Assets/AK_Palettes/tiles_grass_15.asset
  artifactKey: Guid(ca769ffbe3b84a248ae9e858c0a4a677) Importer(815301076,1909f56bfc062723c751e8b465ee728b)
Start importing Assets/AK_Palettes/tiles_grass_15.asset using Guid(ca769ffbe3b84a248ae9e858c0a4a677) Importer(815301076,1909f56bfc062723c751e8b465ee728b)  -> (artifact id: 'ae815ea0048ddbb25d37cfde75cba4a4') in 0.008303 seconds 
  Import took 0.011312 seconds .

========================================================================
Received Import Request.
  Time since last request: 0.000159 seconds.
  path: Assets/AK_Palettes/tiles_grass_3.asset
  artifactKey: Guid(6bb374c60a69da5498d5523aa820a712) Importer(815301076,1909f56bfc062723c751e8b465ee728b)
Start importing Assets/AK_Palettes/tiles_grass_3.asset using Guid(6bb374c60a69da5498d5523aa820a712) Importer(815301076,1909f56bfc062723c751e8b465ee728b)  -> (artifact id: 'ac55df9c3becca9d7eef8b707086facd') in 0.008089 seconds 
  Import took 0.011099 seconds .

========================================================================
Received Import Request.
  Time since last request: 0.000188 seconds.
  path: Assets/AK_Palettes/dirt_tiles_3.asset
  artifactKey: Guid(c305857929d3df14a947eddc176ee996) Importer(815301076,1909f56bfc062723c751e8b465ee728b)
Start importing Assets/AK_Palettes/dirt_tiles_3.asset using Guid(c305857929d3df14a947eddc176ee996) Importer(815301076,1909f56bfc062723c751e8b465ee728b)  -> (artifact id: '6d1fed37b27b781edc58bf26b9219e8c') in 0.008674 seconds 
  Import took 0.011648 seconds .

========================================================================
Received Import Request.
  Time since last request: 0.000180 seconds.
  path: Assets/AK_Palettes/tiles_grass_6.asset
  artifactKey: Guid(e4798ca831ef6ba449e12d7431c9bb8f) Importer(815301076,1909f56bfc062723c751e8b465ee728b)
Start importing Assets/AK_Palettes/tiles_grass_6.asset using Guid(e4798ca831ef6ba449e12d7431c9bb8f) Importer(815301076,1909f56bfc062723c751e8b465ee728b)  -> (artifact id: 'd7043692eef0b57942cc84da1cdaa732') in 0.008305 seconds 
  Import took 0.011300 seconds .

========================================================================
Received Import Request.
  Time since last request: 0.000113 seconds.
  path: Assets/AK_Palettes/tiles_grass_7.asset
  artifactKey: Guid(8e4a172b0d42295498ea2e4d0f9b735b) Importer(815301076,1909f56bfc062723c751e8b465ee728b)
Start importing Assets/AK_Palettes/tiles_grass_7.asset using Guid(8e4a172b0d42295498ea2e4d0f9b735b) Importer(815301076,1909f56bfc062723c751e8b465ee728b)  -> (artifact id: '1cea25c185491359351ea3b92a43b793') in 0.007981 seconds 
  Import took 0.010931 seconds .

========================================================================
Received Import Request.
  Time since last request: 0.000133 seconds.
  path: Assets/AK_Palettes/mud_tiles_4.asset
  artifactKey: Guid(cc9fc3088fa4770459b396f50583b243) Importer(815301076,1909f56bfc062723c751e8b465ee728b)
Start importing Assets/AK_Palettes/mud_tiles_4.asset using Guid(cc9fc3088fa4770459b396f50583b243) Importer(815301076,1909f56bfc062723c751e8b465ee728b)  -> (artifact id: '99a32e1b81fbfd1fe896633064a53899') in 0.008856 seconds 
  Import took 0.011901 seconds .

========================================================================
Received Import Request.
  Time since last request: 0.000121 seconds.
  path: Assets/AK_Palettes/mud_tiles_2.asset
  artifactKey: Guid(8a39ad0afcb2b7642b6d6b3080c43fa2) Importer(815301076,1909f56bfc062723c751e8b465ee728b)
Start importing Assets/AK_Palettes/mud_tiles_2.asset using Guid(8a39ad0afcb2b7642b6d6b3080c43fa2) Importer(815301076,1909f56bfc062723c751e8b465ee728b)  -> (artifact id: '48547120b3de9da0ac22b2e0a7e45940') in 0.008616 seconds 
  Import took 0.011498 seconds .

========================================================================
Received Import Request.
  Time since last request: 0.000144 seconds.
  path: Assets/AK_Palettes/mud_tiles_0.asset
  artifactKey: Guid(f26ff7b3fcb624840b03f6dad75675e1) Importer(815301076,1909f56bfc062723c751e8b465ee728b)
Start importing Assets/AK_Palettes/mud_tiles_0.asset using Guid(f26ff7b3fcb624840b03f6dad75675e1) Importer(815301076,1909f56bfc062723c751e8b465ee728b)  -> (artifact id: 'd56f07f44be971fb28b03965b80529c2') in 0.008659 seconds 
  Import took 0.011550 seconds .

========================================================================
Received Import Request.
  Time since last request: 0.000120 seconds.
  path: Assets/AK_Palettes/MudPalette.prefab
  artifactKey: Guid(4d9d8e8cd90e3ee44bc96e6de40e0a84) Importer(815301076,1909f56bfc062723c751e8b465ee728b)
Start importing Assets/AK_Palettes/MudPalette.prefab using Guid(4d9d8e8cd90e3ee44bc96e6de40e0a84) Importer(815301076,1909f56bfc062723c751e8b465ee728b)  -> (artifact id: '604cae24c27c03634bd780bc22eca33e') in 0.012411 seconds 
  Import took 0.015585 seconds .

========================================================================
Received Import Request.
  Time since last request: 0.000150 seconds.
  path: Assets/AK_Palettes/tiles_grass_10.asset
  artifactKey: Guid(a8f3fe9270138a04bb5e84e095c3dc6b) Importer(815301076,1909f56bfc062723c751e8b465ee728b)
Start importing Assets/AK_Palettes/tiles_grass_10.asset using Guid(a8f3fe9270138a04bb5e84e095c3dc6b) Importer(815301076,1909f56bfc062723c751e8b465ee728b)  -> (artifact id: '405b9ff23de8fd671dbf3b1eebdd3b0c') in 0.009140 seconds 
  Import took 0.012548 seconds .

========================================================================
Received Import Request.
  Time since last request: 0.000132 seconds.
  path: Assets/AK_Palettes/tiles_grass_12.asset
  artifactKey: Guid(12541039bc8ee8c4c9f6b7d9aa3e21e3) Importer(815301076,1909f56bfc062723c751e8b465ee728b)
Start importing Assets/AK_Palettes/tiles_grass_12.asset using Guid(12541039bc8ee8c4c9f6b7d9aa3e21e3) Importer(815301076,1909f56bfc062723c751e8b465ee728b)  -> (artifact id: 'c457c97a68fc57b0128ad1b725c436f6') in 0.008321 seconds 
  Import took 0.011304 seconds .

========================================================================
Received Import Request.
  Time since last request: 0.000129 seconds.
  path: Assets/AK_Palettes/tiles_grass_2.asset
  artifactKey: Guid(17469adcda07e5640818a3887adcb047) Importer(815301076,1909f56bfc062723c751e8b465ee728b)
Start importing Assets/AK_Palettes/tiles_grass_2.asset using Guid(17469adcda07e5640818a3887adcb047) Importer(815301076,1909f56bfc062723c751e8b465ee728b)  -> (artifact id: 'dab9ccd7994020137c8c39e1a2a23283') in 0.008860 seconds 
  Import took 0.011886 seconds .

========================================================================
Received Import Request.
  Time since last request: 0.000113 seconds.
  path: Assets/AK_Palettes/mud_tiles_6.asset
  artifactKey: Guid(b4408c8f181d9d445a2db9a1c08b2355) Importer(815301076,1909f56bfc062723c751e8b465ee728b)
Start importing Assets/AK_Palettes/mud_tiles_6.asset using Guid(b4408c8f181d9d445a2db9a1c08b2355) Importer(815301076,1909f56bfc062723c751e8b465ee728b)  -> (artifact id: 'd5a853b3651ae7d362d457dd78b5e9bf') in 0.008273 seconds 
  Import took 0.011137 seconds .

========================================================================
Received Import Request.
  Time since last request: 0.000101 seconds.
  path: Assets/AK_Palettes/dirt_tiles_1.asset
  artifactKey: Guid(736c80bb106ac2e4596a56ad0bfeca8d) Importer(815301076,1909f56bfc062723c751e8b465ee728b)
Start importing Assets/AK_Palettes/dirt_tiles_1.asset using Guid(736c80bb106ac2e4596a56ad0bfeca8d) Importer(815301076,1909f56bfc062723c751e8b465ee728b)  -> (artifact id: '29f45b39aad15ef5e37522873c0583c2') in 0.008313 seconds 
  Import took 0.011357 seconds .

========================================================================
Received Import Request.
  Time since last request: 0.000167 seconds.
  path: Assets/AK_Palettes/dirt_tiles_2.asset
  artifactKey: Guid(52deba2cc44ee2f43857b556468275f9) Importer(815301076,1909f56bfc062723c751e8b465ee728b)
Start importing Assets/AK_Palettes/dirt_tiles_2.asset using Guid(52deba2cc44ee2f43857b556468275f9) Importer(815301076,1909f56bfc062723c751e8b465ee728b)  -> (artifact id: '8d0e2def81812877da10271d7e187c22') in 0.008302 seconds 
  Import took 0.011317 seconds .

========================================================================
Received Import Request.
  Time since last request: 0.000115 seconds.
  path: Assets/AK_Palettes/tiles_grass_13.asset
  artifactKey: Guid(1749093e73d03a04e83164e56a7877f4) Importer(815301076,1909f56bfc062723c751e8b465ee728b)
Start importing Assets/AK_Palettes/tiles_grass_13.asset using Guid(1749093e73d03a04e83164e56a7877f4) Importer(815301076,1909f56bfc062723c751e8b465ee728b)  -> (artifact id: 'd00bbac9b589119b6d60ff78b9731d1d') in 0.009265 seconds 
  Import took 0.012175 seconds .

========================================================================
Received Import Request.
  Time since last request: 0.000117 seconds.
  path: Assets/AK_Palettes/FencePalette.prefab
  artifactKey: Guid(87f20338ce48bc04d84a65a2e931e44b) Importer(815301076,1909f56bfc062723c751e8b465ee728b)
Start importing Assets/AK_Palettes/FencePalette.prefab using Guid(87f20338ce48bc04d84a65a2e931e44b) Importer(815301076,1909f56bfc062723c751e8b465ee728b)  -> (artifact id: '27499e7344dc58a018606db99086a362') in 0.012503 seconds 
  Import took 0.015863 seconds .

========================================================================
Received Import Request.
  Time since last request: 0.000127 seconds.
  path: Assets/AK_Palettes/tiles_grass_9.asset
  artifactKey: Guid(bcb5405f003c8884987aaf4ec7e216f0) Importer(815301076,1909f56bfc062723c751e8b465ee728b)
Start importing Assets/AK_Palettes/tiles_grass_9.asset using Guid(bcb5405f003c8884987aaf4ec7e216f0) Importer(815301076,1909f56bfc062723c751e8b465ee728b)  -> (artifact id: 'ce9d5c657833ee5f8a6ab5f69a08d1e5') in 0.008129 seconds 
  Import took 0.010971 seconds .

========================================================================
Received Import Request.
  Time since last request: 0.000120 seconds.
  path: Assets/AK_Palettes/tiles_grass_0.asset
  artifactKey: Guid(7d0ef75fb2aa988459be362f2aae74f1) Importer(815301076,1909f56bfc062723c751e8b465ee728b)
Start importing Assets/AK_Palettes/tiles_grass_0.asset using Guid(7d0ef75fb2aa988459be362f2aae74f1) Importer(815301076,1909f56bfc062723c751e8b465ee728b)  -> (artifact id: 'a8806f194d15dbffbe1ff87370c3a207') in 0.008748 seconds 
  Import took 0.011625 seconds .

========================================================================
Received Import Request.
  Time since last request: 0.000148 seconds.
  path: Assets/AK_Palettes/mud_tiles_7.asset
  artifactKey: Guid(367b00ab7f26ff9489b9408c521e578d) Importer(815301076,1909f56bfc062723c751e8b465ee728b)
Start importing Assets/AK_Palettes/mud_tiles_7.asset using Guid(367b00ab7f26ff9489b9408c521e578d) Importer(815301076,1909f56bfc062723c751e8b465ee728b)  -> (artifact id: '7bf57a0f965d8c12f79eb2301550cc9b') in 0.008396 seconds 
  Import took 0.011719 seconds .

========================================================================
Received Import Request.
  Time since last request: 0.000181 seconds.
  path: Assets/AK_Palettes/dirt_tiles_4.asset
  artifactKey: Guid(ace023decf5502a4b9b46e98b1a7be4b) Importer(815301076,1909f56bfc062723c751e8b465ee728b)
Start importing Assets/AK_Palettes/dirt_tiles_4.asset using Guid(ace023decf5502a4b9b46e98b1a7be4b) Importer(815301076,1909f56bfc062723c751e8b465ee728b)  -> (artifact id: 'd1637f71c54eaa5884556ef0a53bf868') in 0.008114 seconds 
  Import took 0.011130 seconds .

========================================================================
Received Import Request.
  Time since last request: 0.000184 seconds.
  path: Assets/AK_Palettes/barrier_1.asset
  artifactKey: Guid(7af33848cbd72c147abfd9cf7a704a6d) Importer(815301076,1909f56bfc062723c751e8b465ee728b)
Start importing Assets/AK_Palettes/barrier_1.asset using Guid(7af33848cbd72c147abfd9cf7a704a6d) Importer(815301076,1909f56bfc062723c751e8b465ee728b)  -> (artifact id: '7dd56c6f6c449fd83de567c9b0aa85e6') in 0.010060 seconds 
  Import took 0.013040 seconds .

========================================================================
Received Import Request.
  Time since last request: 0.000132 seconds.
  path: Assets/AK_Palettes/mud_tiles_5.asset
  artifactKey: Guid(b70a70975351c05478a134c8522306a6) Importer(815301076,1909f56bfc062723c751e8b465ee728b)
Start importing Assets/AK_Palettes/mud_tiles_5.asset using Guid(b70a70975351c05478a134c8522306a6) Importer(815301076,1909f56bfc062723c751e8b465ee728b)  -> (artifact id: '8983fa33dcfa304bdde97467a5cf6eda') in 0.008599 seconds 
  Import took 0.011570 seconds .

========================================================================
Received Import Request.
  Time since last request: 0.000121 seconds.
  path: Assets/AK_Palettes/dirt_tiles_0.asset
  artifactKey: Guid(7d63a3edda424a949b1b40580217dacd) Importer(815301076,1909f56bfc062723c751e8b465ee728b)
Start importing Assets/AK_Palettes/dirt_tiles_0.asset using Guid(7d63a3edda424a949b1b40580217dacd) Importer(815301076,1909f56bfc062723c751e8b465ee728b)  -> (artifact id: 'e51f34937b9023c38a917ac0294d2bc7') in 0.008260 seconds 
  Import took 0.011162 seconds .

========================================================================
Received Import Request.
  Time since last request: 0.000197 seconds.
  path: Assets/AK_Palettes/tiles_grass_4.asset
  artifactKey: Guid(e8de5a8044e8c2a4d9561ba541b73d9c) Importer(815301076,1909f56bfc062723c751e8b465ee728b)
Start importing Assets/AK_Palettes/tiles_grass_4.asset using Guid(e8de5a8044e8c2a4d9561ba541b73d9c) Importer(815301076,1909f56bfc062723c751e8b465ee728b)  -> (artifact id: '8b56655f0b9f788fcec42a254b5d0217') in 0.008542 seconds 
  Import took 0.011388 seconds .

========================================================================
Received Import Request.
  Time since last request: 0.000134 seconds.
  path: Assets/AK_Palettes/barrier_2.asset
  artifactKey: Guid(d0a879d9bb68cb045a7914e2fc45ef56) Importer(815301076,1909f56bfc062723c751e8b465ee728b)
Start importing Assets/AK_Palettes/barrier_2.asset using Guid(d0a879d9bb68cb045a7914e2fc45ef56) Importer(815301076,1909f56bfc062723c751e8b465ee728b)  -> (artifact id: '107cc52332e12ad76c6f57e86007bbb2') in 0.008819 seconds 
  Import took 0.011633 seconds .

========================================================================
Received Import Request.
  Time since last request: 2255.536197 seconds.
  path: Assets/HD_Sprites
  artifactKey: Guid(47e59ad10f9480e48a37364eda1e2995) Importer(815301076,1909f56bfc062723c751e8b465ee728b)
Start importing Assets/HD_Sprites using Guid(47e59ad10f9480e48a37364eda1e2995) Importer(815301076,1909f56bfc062723c751e8b465ee728b)  -> (artifact id: 'e32ce70962e831ffa8b010ba2ed118c2') in 0.006508 seconds 
  Import took 0.010476 seconds .

========================================================================
Received Import Request.
  Time since last request: 345.804943 seconds.
  path: Assets/HD_Sprites/barbecue.png
  artifactKey: Guid(aeea3d0fcd6deb44bafc7e7639f8fdac) Importer(815301076,1909f56bfc062723c751e8b465ee728b)
Start importing Assets/HD_Sprites/barbecue.png using Guid(aeea3d0fcd6deb44bafc7e7639f8fdac) Importer(815301076,1909f56bfc062723c751e8b465ee728b)  -> (artifact id: '4a62d353fbfac8e7a5cf8b2bef85987b') in 0.028508 seconds 
  Import took 0.032249 seconds .

========================================================================
Received Import Request.
  Time since last request: 5.730766 seconds.
  path: Assets/HD_Sprites/chick_spawn.png
  artifactKey: Guid(9e7298b84e3693d449960b7f5eea6d66) Importer(815301076,1909f56bfc062723c751e8b465ee728b)
Start importing Assets/HD_Sprites/chick_spawn.png using Guid(9e7298b84e3693d449960b7f5eea6d66) Importer(815301076,1909f56bfc062723c751e8b465ee728b)  -> (artifact id: '292b16f0683f36046341b630f96d2e1a') in 0.012456 seconds 
  Import took 0.016243 seconds .

========================================================================
Received Import Request.
  Time since last request: 4.535360 seconds.
  path: Assets/HD_Sprites/chick_spawn_little.png
  artifactKey: Guid(afd057bbf5c44fd418b908b11103f9a7) Importer(815301076,1909f56bfc062723c751e8b465ee728b)
Start importing Assets/HD_Sprites/chick_spawn_little.png using Guid(afd057bbf5c44fd418b908b11103f9a7) Importer(815301076,1909f56bfc062723c751e8b465ee728b)  -> (artifact id: '5ac3ae1c88162c4a1dca10f2e371e35a') in 0.011172 seconds 
  Import took 0.014322 seconds .

========================================================================
Received Import Request.
  Time since last request: 8.635091 seconds.
  path: Assets/HD_Sprites/van.png
  artifactKey: Guid(1fabbf4e3c776d749a208dc53d704619) Importer(815301076,1909f56bfc062723c751e8b465ee728b)
Start importing Assets/HD_Sprites/van.png using Guid(1fabbf4e3c776d749a208dc53d704619) Importer(815301076,1909f56bfc062723c751e8b465ee728b)  -> (artifact id: 'c69dd9725d032caaa9499804ecac142d') in 0.012306 seconds 
  Import took 0.015772 seconds .

========================================================================
Received Import Request.
  Time since last request: 27.955017 seconds.
  path: Assets/HD_Palettes
  artifactKey: Guid(86941fa6df447314e8fe90dee907f5bf) Importer(815301076,1909f56bfc062723c751e8b465ee728b)
Start importing Assets/HD_Palettes using Guid(86941fa6df447314e8fe90dee907f5bf) Importer(815301076,1909f56bfc062723c751e8b465ee728b)  -> (artifact id: '469a48de7eb47350536812572bd942df') in 0.006504 seconds 
  Import took 0.009528 seconds .

========================================================================
Received Import Request.
  Time since last request: 4.394765 seconds.
  path: Assets/HD_Palettes/bush_tile.png
  artifactKey: Guid(ba7d45dae5cf07e409efe9e362ea6c21) Importer(815301076,1909f56bfc062723c751e8b465ee728b)
Start importing Assets/HD_Palettes/bush_tile.png using Guid(ba7d45dae5cf07e409efe9e362ea6c21) Importer(815301076,1909f56bfc062723c751e8b465ee728b)  -> (artifact id: '7c3f153799ea63c48e46b3c23fc83212') in 0.016999 seconds 
  Import took 0.020280 seconds .

========================================================================
Received Import Request.
  Time since last request: 2.622762 seconds.
  path: Assets/HD_Palettes/tree_grass_tiles.png
  artifactKey: Guid(d12fe400738558d42a83c4aa87d0e649) Importer(815301076,1909f56bfc062723c751e8b465ee728b)
Start importing Assets/HD_Palettes/tree_grass_tiles.png using Guid(d12fe400738558d42a83c4aa87d0e649) Importer(815301076,1909f56bfc062723c751e8b465ee728b)  -> (artifact id: '91dbf507defbd0cffa369a5ca67cbcc3') in 0.016716 seconds 
  Import took 0.019769 seconds .

========================================================================
Received Import Request.
  Time since last request: 2.688512 seconds.
  path: Assets/HD_Palettes/forest_tree_tiles.png
  artifactKey: Guid(36f71bcac70141244987f5e47a89f083) Importer(815301076,1909f56bfc062723c751e8b465ee728b)
Start importing Assets/HD_Palettes/forest_tree_tiles.png using Guid(36f71bcac70141244987f5e47a89f083) Importer(815301076,1909f56bfc062723c751e8b465ee728b)  -> (artifact id: '98edcee762ea7b5d43c6a94a49fd5a21') in 0.014597 seconds 
  Import took 0.017684 seconds .

========================================================================
Received Import Request.
  Time since last request: 3.052206 seconds.
  path: Assets/HD_Palettes/nest_tiles.png
  artifactKey: Guid(afe63e768fcdc2048a37c4d05858f113) Importer(815301076,1909f56bfc062723c751e8b465ee728b)
Start importing Assets/HD_Palettes/nest_tiles.png using Guid(afe63e768fcdc2048a37c4d05858f113) Importer(815301076,1909f56bfc062723c751e8b465ee728b)  -> (artifact id: 'c0bb03060025335ed5d4719b6327a444') in 0.012889 seconds 
  Import took 0.015938 seconds .

========================================================================
Received Import Request.
  Time since last request: 5.152790 seconds.
  path: Assets/HD_Palettes/rocks_tiles.png
  artifactKey: Guid(814f25736db8cec419f2da18bd760073) Importer(815301076,1909f56bfc062723c751e8b465ee728b)
Start importing Assets/HD_Palettes/rocks_tiles.png using Guid(814f25736db8cec419f2da18bd760073) Importer(815301076,1909f56bfc062723c751e8b465ee728b)  -> (artifact id: '52e38627407d6e114b21929454930566') in 0.013617 seconds 
  Import took 0.016751 seconds .

========================================================================
Received Import Request.
  Time since last request: 3.164245 seconds.
  path: Assets/HD_Palettes/stump_tiles.png
  artifactKey: Guid(a5f020f8bf3f34d419c0c124bf4b69de) Importer(815301076,1909f56bfc062723c751e8b465ee728b)
Start importing Assets/HD_Palettes/stump_tiles.png using Guid(a5f020f8bf3f34d419c0c124bf4b69de) Importer(815301076,1909f56bfc062723c751e8b465ee728b)  -> (artifact id: '8945a123cc980d3ffcd648e4fdb160a1') in 0.015021 seconds 
  Import took 0.018565 seconds .

========================================================================
Received Import Request.
  Time since last request: 6.141908 seconds.
  path: Assets/HD_Palettes/tractor.png
  artifactKey: Guid(7b1deea9faa7ffc4ca3756beae917fb7) Importer(815301076,1909f56bfc062723c751e8b465ee728b)
Start importing Assets/HD_Palettes/tractor.png using Guid(7b1deea9faa7ffc4ca3756beae917fb7) Importer(815301076,1909f56bfc062723c751e8b465ee728b)  -> (artifact id: 'ccdc8e6622bfb0c00fff8d507fc97616') in 0.015366 seconds 
  Import took 0.018489 seconds .

========================================================================
Received Import Request.
  Time since last request: 59.535656 seconds.
  path: Assets/HD_Sprites/barbecue.png
  artifactKey: Guid(aeea3d0fcd6deb44bafc7e7639f8fdac) Importer(815301076,1909f56bfc062723c751e8b465ee728b)
Start importing Assets/HD_Sprites/barbecue.png using Guid(aeea3d0fcd6deb44bafc7e7639f8fdac) Importer(815301076,1909f56bfc062723c751e8b465ee728b)  -> (artifact id: '73fe2fff1cc1c9443d544ba9ea0dfb14') in 0.013933 seconds 
  Import took 0.017777 seconds .

========================================================================
Received Import Request.
  Time since last request: 33.516809 seconds.
  path: Assets/HD_Sprites/Materials
  artifactKey: Guid(57502d9c1903ee6418f962fe3724b579) Importer(815301076,1909f56bfc062723c751e8b465ee728b)
Start importing Assets/HD_Sprites/Materials using Guid(57502d9c1903ee6418f962fe3724b579) Importer(815301076,1909f56bfc062723c751e8b465ee728b)  -> (artifact id: '607f31192bc0ebc36ec4343ab2ab948d') in 0.005819 seconds 
  Import took 0.008940 seconds .

========================================================================
Received Import Request.
  Time since last request: 175.738574 seconds.
  path: Assets/HD_Sprites/van.png
  artifactKey: Guid(1fabbf4e3c776d749a208dc53d704619) Importer(815301076,1909f56bfc062723c751e8b465ee728b)
Start importing Assets/HD_Sprites/van.png using Guid(1fabbf4e3c776d749a208dc53d704619) Importer(815301076,1909f56bfc062723c751e8b465ee728b)  -> (artifact id: '2dfd950451e16ee54418c5b6f19d23ac') in 0.013868 seconds 
  Import took 0.017708 seconds .

========================================================================
Received Prepare
Registering precompiled user dll's ...
Registered in 0.004819 seconds.
Begin MonoManager ReloadAssembly
Native extension for WindowsStandalone target not found
Native extension for WebGL target not found
Refreshing native plugins compatible for Editor in 0.46 ms, found 3 plugins.
Preloading 0 native plugins for Editor in 0.00 ms.
Mono: successfully reloaded assembly
- Completed reload, in  0.906 seconds
Domain Reload Profiling:
	ReloadAssembly (906ms)
		BeginReloadAssembly (107ms)
			ExecutionOrderSort (0ms)
			DisableScriptedObjects (5ms)
			BackupInstance (0ms)
			ReleaseScriptingObjects (0ms)
			CreateAndSetChildDomain (32ms)
		EndReloadAssembly (731ms)
			LoadAssemblies (74ms)
			RebuildTransferFunctionScriptingTraits (0ms)
			SetupTypeCache (262ms)
			ReleaseScriptCaches (1ms)
			RebuildScriptCaches (38ms)
			SetupLoadedEditorAssemblies (259ms)
				LogAssemblyErrors (0ms)
				InitializePlatformSupportModulesInManaged (5ms)
				SetLoadedEditorAssemblies (0ms)
				RefreshPlugins (1ms)
				BeforeProcessingInitializeOnLoad (54ms)
				ProcessInitializeOnLoadAttributes (190ms)
				ProcessInitializeOnLoadMethodAttributes (4ms)
				AfterProcessingInitializeOnLoad (5ms)
				EditorAssembliesLoaded (0ms)
			ExecutionOrderSort2 (0ms)
			AwakeInstancesAfterBackupRestoration (9ms)
Platform modules already initialized, skipping
Refreshing native plugins compatible for Editor in 0.44 ms, found 3 plugins.
Preloading 0 native plugins for Editor in 0.00 ms.
Unloading 2224 Unused Serialized files (Serialized files now loaded: 0)
System memory in use before: 100.9 MB.
System memory in use after: 101.0 MB.

Unloading 15 unused Assets to reduce memory usage. Loaded Objects now: 2708.
Total: 2.506000 ms (FindLiveObjects: 0.190700 ms CreateObjectMapping: 0.077800 ms MarkObjects: 2.222900 ms  DeleteObjects: 0.013500 ms)

AssetImportParameters requested are different than current active one (requested -> active):
  custom:framework-win-MediaFoundation: 216162199b28c13a410421893ffa2e32 -> 
  custom:video-decoder-ogg-theora: a1e56fd34408186e4bbccfd4996cb3dc -> 
  custom:container-muxer-webm: aa71ff27fc2769a1b78a27578f13a17b -> 
  custom:container-demuxer-webm: 4f35f7cbe854078d1ac9338744f61a02 -> 
  custom:container-demuxer-ogg: 62fdf1f143b41e24485cea50d1cbac27 -> 
  custom:video-encoder-webm-vp8: eb34c28f22e8b96e1ab97ce403110664 -> 
  custom:video-decoder-webm-vp8: 9c59270c3fd7afecdb556c50c9e8de78 -> 
  custom:audio-decoder-ogg-vorbis: bf7c407c2cedff20999df2af8eb42d56 -> 
  custom:audio-encoder-webm-vorbis: bf7c407c2cedff20999df2af8eb42d56 -> 
========================================================================
Received Import Request.
  Time since last request: 195.293784 seconds.
  path: Assets/HD_Palettes/tractor.png
  artifactKey: Guid(7b1deea9faa7ffc4ca3756beae917fb7) Importer(815301076,1909f56bfc062723c751e8b465ee728b)
Start importing Assets/HD_Palettes/tractor.png using Guid(7b1deea9faa7ffc4ca3756beae917fb7) Importer(815301076,1909f56bfc062723c751e8b465ee728b)  -> (artifact id: 'f5a3d43031910fb62cecc5d7285baf71') in 0.029536 seconds 
  Import took 0.032703 seconds .

========================================================================
Received Import Request.
  Time since last request: 105.581944 seconds.
  path: Assets/HD_Palettes/tractor.png
  artifactKey: Guid(7b1deea9faa7ffc4ca3756beae917fb7) Importer(815301076,1909f56bfc062723c751e8b465ee728b)
Start importing Assets/HD_Palettes/tractor.png using Guid(7b1deea9faa7ffc4ca3756beae917fb7) Importer(815301076,1909f56bfc062723c751e8b465ee728b)  -> (artifact id: '900a6536948d82914159f647d65b3ed7') in 0.031753 seconds 
  Import took 0.035308 seconds .

========================================================================
Received Prepare
Registering precompiled user dll's ...
Registered in 0.002757 seconds.
Begin MonoManager ReloadAssembly
Native extension for WindowsStandalone target not found
Native extension for WebGL target not found
Refreshing native plugins compatible for Editor in 0.43 ms, found 3 plugins.
Preloading 0 native plugins for Editor in 0.00 ms.
Mono: successfully reloaded assembly
- Completed reload, in  0.925 seconds
Domain Reload Profiling:
	ReloadAssembly (925ms)
		BeginReloadAssembly (109ms)
			ExecutionOrderSort (0ms)
			DisableScriptedObjects (7ms)
			BackupInstance (0ms)
			ReleaseScriptingObjects (0ms)
			CreateAndSetChildDomain (35ms)
		EndReloadAssembly (761ms)
			LoadAssemblies (84ms)
			RebuildTransferFunctionScriptingTraits (0ms)
			SetupTypeCache (287ms)
			ReleaseScriptCaches (1ms)
			RebuildScriptCaches (40ms)
			SetupLoadedEditorAssemblies (258ms)
				LogAssemblyErrors (0ms)
				InitializePlatformSupportModulesInManaged (5ms)
				SetLoadedEditorAssemblies (0ms)
				RefreshPlugins (0ms)
				BeforeProcessingInitializeOnLoad (63ms)
				ProcessInitializeOnLoadAttributes (179ms)
				ProcessInitializeOnLoadMethodAttributes (5ms)
				AfterProcessingInitializeOnLoad (5ms)
				EditorAssembliesLoaded (0ms)
			ExecutionOrderSort2 (0ms)
			AwakeInstancesAfterBackupRestoration (9ms)
Platform modules already initialized, skipping
Refreshing native plugins compatible for Editor in 0.44 ms, found 3 plugins.
Preloading 0 native plugins for Editor in 0.00 ms.
Unloading 2224 Unused Serialized files (Serialized files now loaded: 0)
System memory in use before: 101.0 MB.
System memory in use after: 101.2 MB.

Unloading 15 unused Assets to reduce memory usage. Loaded Objects now: 2716.
Total: 2.815600 ms (FindLiveObjects: 0.214900 ms CreateObjectMapping: 0.081800 ms MarkObjects: 2.503000 ms  DeleteObjects: 0.015100 ms)

AssetImportParameters requested are different than current active one (requested -> active):
  custom:framework-win-MediaFoundation: 216162199b28c13a410421893ffa2e32 -> 
  custom:video-decoder-ogg-theora: a1e56fd34408186e4bbccfd4996cb3dc -> 
  custom:container-muxer-webm: aa71ff27fc2769a1b78a27578f13a17b -> 
  custom:container-demuxer-webm: 4f35f7cbe854078d1ac9338744f61a02 -> 
  custom:container-demuxer-ogg: 62fdf1f143b41e24485cea50d1cbac27 -> 
  custom:video-encoder-webm-vp8: eb34c28f22e8b96e1ab97ce403110664 -> 
  custom:video-decoder-webm-vp8: 9c59270c3fd7afecdb556c50c9e8de78 -> 
  custom:audio-decoder-ogg-vorbis: bf7c407c2cedff20999df2af8eb42d56 -> 
  custom:audio-encoder-webm-vorbis: bf7c407c2cedff20999df2af8eb42d56 -> 
========================================================================
Received Prepare
Registering precompiled user dll's ...
Registered in 0.004404 seconds.
Begin MonoManager ReloadAssembly
Native extension for WindowsStandalone target not found
Native extension for WebGL target not found
Refreshing native plugins compatible for Editor in 0.43 ms, found 3 plugins.
Preloading 0 native plugins for Editor in 0.00 ms.
Mono: successfully reloaded assembly
- Completed reload, in  5.715 seconds
Domain Reload Profiling:
	ReloadAssembly (5715ms)
		BeginReloadAssembly (2207ms)
			ExecutionOrderSort (0ms)
			DisableScriptedObjects (8ms)
			BackupInstance (0ms)
			ReleaseScriptingObjects (0ms)
			CreateAndSetChildDomain (30ms)
		EndReloadAssembly (3455ms)
			LoadAssemblies (4272ms)
			RebuildTransferFunctionScriptingTraits (0ms)
			SetupTypeCache (821ms)
			ReleaseScriptCaches (1ms)
			RebuildScriptCaches (37ms)
			SetupLoadedEditorAssemblies (335ms)
				LogAssemblyErrors (0ms)
				InitializePlatformSupportModulesInManaged (5ms)
				SetLoadedEditorAssemblies (0ms)
				RefreshPlugins (0ms)
				BeforeProcessingInitializeOnLoad (55ms)
				ProcessInitializeOnLoadAttributes (265ms)
				ProcessInitializeOnLoadMethodAttributes (4ms)
				AfterProcessingInitializeOnLoad (5ms)
				EditorAssembliesLoaded (0ms)
			ExecutionOrderSort2 (0ms)
			AwakeInstancesAfterBackupRestoration (9ms)
Platform modules already initialized, skipping
Refreshing native plugins compatible for Editor in 0.44 ms, found 3 plugins.
Preloading 0 native plugins for Editor in 0.00 ms.
Unloading 2224 Unused Serialized files (Serialized files now loaded: 0)
System memory in use before: 101.1 MB.
System memory in use after: 101.2 MB.

Unloading 15 unused Assets to reduce memory usage. Loaded Objects now: 2719.
Total: 2.755600 ms (FindLiveObjects: 0.248000 ms CreateObjectMapping: 0.102800 ms MarkObjects: 2.388200 ms  DeleteObjects: 0.015900 ms)

AssetImportParameters requested are different than current active one (requested -> active):
  custom:framework-win-MediaFoundation: 216162199b28c13a410421893ffa2e32 -> 
  custom:video-decoder-ogg-theora: a1e56fd34408186e4bbccfd4996cb3dc -> 
  custom:container-muxer-webm: aa71ff27fc2769a1b78a27578f13a17b -> 
  custom:container-demuxer-webm: 4f35f7cbe854078d1ac9338744f61a02 -> 
  custom:container-demuxer-ogg: 62fdf1f143b41e24485cea50d1cbac27 -> 
  custom:video-encoder-webm-vp8: eb34c28f22e8b96e1ab97ce403110664 -> 
  custom:video-decoder-webm-vp8: 9c59270c3fd7afecdb556c50c9e8de78 -> 
  custom:audio-decoder-ogg-vorbis: bf7c407c2cedff20999df2af8eb42d56 -> 
  custom:audio-encoder-webm-vorbis: bf7c407c2cedff20999df2af8eb42d56 -> 
========================================================================
Received Import Request.
  Time since last request: 1669.990795 seconds.
  path: Assets/HD_Palettes/forest_tree_tiles.png
  artifactKey: Guid(36f71bcac70141244987f5e47a89f083) Importer(815301076,1909f56bfc062723c751e8b465ee728b)
Start importing Assets/HD_Palettes/forest_tree_tiles.png using Guid(36f71bcac70141244987f5e47a89f083) Importer(815301076,1909f56bfc062723c751e8b465ee728b)  -> (artifact id: '2940f0524d13d5742a16410722a476e1') in 0.041222 seconds 
  Import took 0.045349 seconds .

========================================================================
Received Import Request.
  Time since last request: 14.233506 seconds.
  path: Assets/HD_Palettes/forest_tree_tiles.png
  artifactKey: Guid(36f71bcac70141244987f5e47a89f083) Importer(815301076,1909f56bfc062723c751e8b465ee728b)
Start importing Assets/HD_Palettes/forest_tree_tiles.png using Guid(36f71bcac70141244987f5e47a89f083) Importer(815301076,1909f56bfc062723c751e8b465ee728b)  -> (artifact id: 'e0e1de5d0dfef5eb715c00a5a7883cfe') in 0.041681 seconds 
  Import took 0.045156 seconds .

========================================================================
Received Import Request.
  Time since last request: 34.988797 seconds.
  path: Assets/HD_Palettes/TreePalette.prefab
  artifactKey: Guid(f4406d09290133745a291e25b46de57c) Importer(815301076,1909f56bfc062723c751e8b465ee728b)
Start importing Assets/HD_Palettes/TreePalette.prefab using Guid(f4406d09290133745a291e25b46de57c) Importer(815301076,1909f56bfc062723c751e8b465ee728b)  -> (artifact id: '428d0733eeb2a80ed8769bea3fa15d37') in 0.029061 seconds 
  Import took 0.032715 seconds .

========================================================================
Received Import Request.
  Time since last request: 10.672642 seconds.
  path: Assets/HD_Palettes/forest_tree_tiles_0.asset
  artifactKey: Guid(78323ac49c0a6fc4c9dda4b01027d695) Importer(815301076,1909f56bfc062723c751e8b465ee728b)
Start importing Assets/HD_Palettes/forest_tree_tiles_0.asset using Guid(78323ac49c0a6fc4c9dda4b01027d695) Importer(815301076,1909f56bfc062723c751e8b465ee728b)  -> (artifact id: 'e772d0a0887fddecc18caff19e12561e') in 0.019481 seconds 
  Import took 0.022608 seconds .

========================================================================
Received Import Request.
  Time since last request: 0.000223 seconds.
  path: Assets/HD_Palettes/forest_tree_tiles_2.asset
  artifactKey: Guid(0ba52b7e0049bbb47921664a6bfc6765) Importer(815301076,1909f56bfc062723c751e8b465ee728b)
Start importing Assets/HD_Palettes/forest_tree_tiles_2.asset using Guid(0ba52b7e0049bbb47921664a6bfc6765) Importer(815301076,1909f56bfc062723c751e8b465ee728b)  -> (artifact id: '1a84303499377477aa56be98e9369213') in 0.008751 seconds 
  Import took 0.011731 seconds .

========================================================================
Received Import Request.
  Time since last request: 0.000197 seconds.
  path: Assets/HD_Palettes/forest_tree_tiles_1.asset
  artifactKey: Guid(5f8ac98355704c74d9a1b753e520edbf) Importer(815301076,1909f56bfc062723c751e8b465ee728b)
Start importing Assets/HD_Palettes/forest_tree_tiles_1.asset using Guid(5f8ac98355704c74d9a1b753e520edbf) Importer(815301076,1909f56bfc062723c751e8b465ee728b)  -> (artifact id: 'a141b8be6ad7c6cfde601983ec540536') in 0.009215 seconds 
  Import took 0.012279 seconds .

========================================================================
Received Import Request.
  Time since last request: 0.000186 seconds.
  path: Assets/HD_Palettes/forest_tree_tiles_3.asset
  artifactKey: Guid(5cf8a0b4ca03da342a6021b66951de69) Importer(815301076,1909f56bfc062723c751e8b465ee728b)
Start importing Assets/HD_Palettes/forest_tree_tiles_3.asset using Guid(5cf8a0b4ca03da342a6021b66951de69) Importer(815301076,1909f56bfc062723c751e8b465ee728b)  -> (artifact id: '60a412a2383f167272cf1d4749d6552b') in 0.009354 seconds 
  Import took 0.012297 seconds .

========================================================================
Received Import Request.
  Time since last request: 0.000133 seconds.
  path: Assets/HD_Palettes/forest_tree_tiles_4.asset
  artifactKey: Guid(4916f2697e0d89943bff4f18af949c5c) Importer(815301076,1909f56bfc062723c751e8b465ee728b)
Start importing Assets/HD_Palettes/forest_tree_tiles_4.asset using Guid(4916f2697e0d89943bff4f18af949c5c) Importer(815301076,1909f56bfc062723c751e8b465ee728b)  -> (artifact id: '8e6dea4375dd801ce5ede56d478b71cf') in 0.009550 seconds 
  Import took 0.012799 seconds .

========================================================================
Received Import Request.
  Time since last request: 0.000148 seconds.
  path: Assets/HD_Palettes/TreePalette.prefab
  artifactKey: Guid(f4406d09290133745a291e25b46de57c) Importer(815301076,1909f56bfc062723c751e8b465ee728b)
Start importing Assets/HD_Palettes/TreePalette.prefab using Guid(f4406d09290133745a291e25b46de57c) Importer(815301076,1909f56bfc062723c751e8b465ee728b)  -> (artifact id: '2ce34260b0474e0d02bcf0df325d6a6b') in 0.011533 seconds 
  Import took 0.014627 seconds .

========================================================================
Received Import Request.
  Time since last request: 598.122665 seconds.
  path: Assets/HD_Palettes/TreePalette.prefab
  artifactKey: Guid(f4406d09290133745a291e25b46de57c) Importer(815301076,1909f56bfc062723c751e8b465ee728b)
Start importing Assets/HD_Palettes/TreePalette.prefab using Guid(f4406d09290133745a291e25b46de57c) Importer(815301076,1909f56bfc062723c751e8b465ee728b)  -> (artifact id: '3171cb3f863e33f4b936b90bc2883346') in 0.013235 seconds 
  Import took 0.016904 seconds .

========================================================================
Received Import Request.
  Time since last request: 30.596285 seconds.
  path: Assets/HD_Palettes/TreePalette.prefab
  artifactKey: Guid(f4406d09290133745a291e25b46de57c) Importer(815301076,1909f56bfc062723c751e8b465ee728b)
Start importing Assets/HD_Palettes/TreePalette.prefab using Guid(f4406d09290133745a291e25b46de57c) Importer(815301076,1909f56bfc062723c751e8b465ee728b)  -> (artifact id: '3374b22f022c70d7e967b2560f5013ca') in 0.011079 seconds 
  Import took 0.014748 seconds .

========================================================================
Received Import Request.
  Time since last request: 801.664498 seconds.
  path: Assets/HD_Palettes/bush_tile.png
  artifactKey: Guid(ba7d45dae5cf07e409efe9e362ea6c21) Importer(815301076,1909f56bfc062723c751e8b465ee728b)
Start importing Assets/HD_Palettes/bush_tile.png using Guid(ba7d45dae5cf07e409efe9e362ea6c21) Importer(815301076,1909f56bfc062723c751e8b465ee728b)  -> (artifact id: '94d9c9a99d29d31e01e7c351338b0208') in 0.010821 seconds 
  Import took 0.014509 seconds .

========================================================================
Received Import Request.
  Time since last request: 5.276552 seconds.
  path: Assets/HD_Palettes/bush_tile.png
  artifactKey: Guid(ba7d45dae5cf07e409efe9e362ea6c21) Importer(815301076,1909f56bfc062723c751e8b465ee728b)
Start importing Assets/HD_Palettes/bush_tile.png using Guid(ba7d45dae5cf07e409efe9e362ea6c21) Importer(815301076,1909f56bfc062723c751e8b465ee728b)  -> (artifact id: '9bbafbc4d3095d7c0b4f8a0097d8aed2') in 0.022849 seconds 
  Import took 0.026064 seconds .

========================================================================
Received Import Request.
  Time since last request: 31.803580 seconds.
  path: Assets/HD_Palettes/tree_grass_tiles.png
  artifactKey: Guid(d12fe400738558d42a83c4aa87d0e649) Importer(815301076,1909f56bfc062723c751e8b465ee728b)
Start importing Assets/HD_Palettes/tree_grass_tiles.png using Guid(d12fe400738558d42a83c4aa87d0e649) Importer(815301076,1909f56bfc062723c751e8b465ee728b)  -> (artifact id: '22ea6d5af0d2bef9f08c3867d63288ef') in 0.011446 seconds 
  Import took 0.015106 seconds .

========================================================================
Received Import Request.
  Time since last request: 7.046007 seconds.
  path: Assets/HD_Palettes/tree_grass_tiles.png
  artifactKey: Guid(d12fe400738558d42a83c4aa87d0e649) Importer(815301076,1909f56bfc062723c751e8b465ee728b)
Start importing Assets/HD_Palettes/tree_grass_tiles.png using Guid(d12fe400738558d42a83c4aa87d0e649) Importer(815301076,1909f56bfc062723c751e8b465ee728b)  -> (artifact id: '620d30e405ca15eb50924f61a19d53e7') in 0.035180 seconds 
  Import took 0.038317 seconds .

========================================================================
Received Import Request.
  Time since last request: 97.557979 seconds.
  path: ProjectSettings/TagManager.asset
  artifactKey: Guid(00000000000000003000000000000000) Importer(815301076,1909f56bfc062723c751e8b465ee728b)
Start importing ProjectSettings/TagManager.asset using Guid(00000000000000003000000000000000) Importer(815301076,1909f56bfc062723c751e8b465ee728b)  -> (artifact id: 'edb90df4188e707c5479e0ef11ceccec') in 0.006860 seconds 
  Import took 0.010023 seconds .

========================================================================
Received Import Request.
  Time since last request: 71.897099 seconds.
  path: Assets/HD_Palettes/VegetationPalette.prefab
  artifactKey: Guid(c441d6fed2cc1b14fa0e31aa9704bdd4) Importer(815301076,1909f56bfc062723c751e8b465ee728b)
Start importing Assets/HD_Palettes/VegetationPalette.prefab using Guid(c441d6fed2cc1b14fa0e31aa9704bdd4) Importer(815301076,1909f56bfc062723c751e8b465ee728b)  -> (artifact id: '347220fd8f6d4fe36c36715820178f66') in 0.030317 seconds 
  Import took 0.033495 seconds .

========================================================================
Received Import Request.
  Time since last request: 11.514061 seconds.
  path: Assets/HD_Palettes/bush_tile_0.asset
  artifactKey: Guid(2a4da15da94fd634cb36ebab066afedb) Importer(815301076,1909f56bfc062723c751e8b465ee728b)
Start importing Assets/HD_Palettes/bush_tile_0.asset using Guid(2a4da15da94fd634cb36ebab066afedb) Importer(815301076,1909f56bfc062723c751e8b465ee728b)  -> (artifact id: 'bd2b23518ffd2eb24c605b46179bea99') in 0.015195 seconds 
  Import took 0.018218 seconds .

========================================================================
Received Import Request.
  Time since last request: 0.000214 seconds.
  path: Assets/HD_Palettes/VegetationPalette.prefab
  artifactKey: Guid(c441d6fed2cc1b14fa0e31aa9704bdd4) Importer(815301076,1909f56bfc062723c751e8b465ee728b)
Start importing Assets/HD_Palettes/VegetationPalette.prefab using Guid(c441d6fed2cc1b14fa0e31aa9704bdd4) Importer(815301076,1909f56bfc062723c751e8b465ee728b)  -> (artifact id: '98f0d04bd103f2d89fefaee9f29e7bdb') in 0.010538 seconds 
  Import took 0.013319 seconds .

========================================================================
Received Import Request.
  Time since last request: 0.000226 seconds.
  path: Assets/HD_Palettes/bush_tile_2.asset
  artifactKey: Guid(7c5b92eeb0bd8ab47a690a92ef607f9e) Importer(815301076,1909f56bfc062723c751e8b465ee728b)
Start importing Assets/HD_Palettes/bush_tile_2.asset using Guid(7c5b92eeb0bd8ab47a690a92ef607f9e) Importer(815301076,1909f56bfc062723c751e8b465ee728b)  -> (artifact id: '136301a0013533019452bdf998b6f271') in 0.010361 seconds 
  Import took 0.013235 seconds .

========================================================================
Received Import Request.
  Time since last request: 0.000232 seconds.
  path: Assets/HD_Palettes/bush_tile_3.asset
  artifactKey: Guid(73d1b4b6e377456499cf7d3bf42c91a9) Importer(815301076,1909f56bfc062723c751e8b465ee728b)
Start importing Assets/HD_Palettes/bush_tile_3.asset using Guid(73d1b4b6e377456499cf7d3bf42c91a9) Importer(815301076,1909f56bfc062723c751e8b465ee728b)  -> (artifact id: 'b547c120975298fc6117c4f9d8ba8959') in 0.009857 seconds 
  Import took 0.012897 seconds .

========================================================================
Received Import Request.
  Time since last request: 0.000167 seconds.
  path: Assets/HD_Palettes/bush_tile_1.asset
  artifactKey: Guid(4f37892c0a1ba5f49851f12cf232e0cf) Importer(815301076,1909f56bfc062723c751e8b465ee728b)
Start importing Assets/HD_Palettes/bush_tile_1.asset using Guid(4f37892c0a1ba5f49851f12cf232e0cf) Importer(815301076,1909f56bfc062723c751e8b465ee728b)  -> (artifact id: 'bcb7d8c937dec57ce1b33572292fd2b1') in 0.009136 seconds 
  Import took 0.012302 seconds .

========================================================================
Received Import Request.
  Time since last request: 16.127950 seconds.
  path: Assets/HD_Palettes/tree_grass_tiles_0.asset
  artifactKey: Guid(956a05c88039402409e0af3ac11900d3) Importer(815301076,1909f56bfc062723c751e8b465ee728b)
Start importing Assets/HD_Palettes/tree_grass_tiles_0.asset using Guid(956a05c88039402409e0af3ac11900d3) Importer(815301076,1909f56bfc062723c751e8b465ee728b)  -> (artifact id: '9ba86b47c5c82b9045f0c66f1e450280') in 0.009747 seconds 
  Import took 0.012898 seconds .

========================================================================
Received Import Request.
  Time since last request: 0.000231 seconds.
  path: Assets/HD_Palettes/tree_grass_tiles_3.asset
  artifactKey: Guid(23db636e6c04f8d47825867575095d12) Importer(815301076,1909f56bfc062723c751e8b465ee728b)
Start importing Assets/HD_Palettes/tree_grass_tiles_3.asset using Guid(23db636e6c04f8d47825867575095d12) Importer(815301076,1909f56bfc062723c751e8b465ee728b)  -> (artifact id: 'c3d973a1a5684bfdde2cbe287d09e5c4') in 0.008929 seconds 
  Import took 0.011768 seconds .

========================================================================
Received Import Request.
  Time since last request: 0.000242 seconds.
  path: Assets/HD_Palettes/VegetationPalette.prefab
  artifactKey: Guid(c441d6fed2cc1b14fa0e31aa9704bdd4) Importer(815301076,1909f56bfc062723c751e8b465ee728b)
Start importing Assets/HD_Palettes/VegetationPalette.prefab using Guid(c441d6fed2cc1b14fa0e31aa9704bdd4) Importer(815301076,1909f56bfc062723c751e8b465ee728b)  -> (artifact id: '10f4e52398fb71ab276e5753ddd9180b') in 0.012688 seconds 
  Import took 0.015601 seconds .

========================================================================
Received Import Request.
  Time since last request: 0.000193 seconds.
  path: Assets/HD_Palettes/tree_grass_tiles_2.asset
  artifactKey: Guid(8519dc56ff0106740a2b4da87e87a130) Importer(815301076,1909f56bfc062723c751e8b465ee728b)
Start importing Assets/HD_Palettes/tree_grass_tiles_2.asset using Guid(8519dc56ff0106740a2b4da87e87a130) Importer(815301076,1909f56bfc062723c751e8b465ee728b)  -> (artifact id: 'e93a8eb0bb4c3c981486fc81cd31da04') in 0.009021 seconds 
  Import took 0.012217 seconds .

========================================================================
Received Import Request.
  Time since last request: 0.000136 seconds.
  path: Assets/HD_Palettes/tree_grass_tiles_4.asset
  artifactKey: Guid(d9867a8144c2b8248b4d312998ad6d0a) Importer(815301076,1909f56bfc062723c751e8b465ee728b)
Start importing Assets/HD_Palettes/tree_grass_tiles_4.asset using Guid(d9867a8144c2b8248b4d312998ad6d0a) Importer(815301076,1909f56bfc062723c751e8b465ee728b)  -> (artifact id: 'a4f54022e9585a049d4be33a0c2424db') in 0.009789 seconds 
  Import took 0.012835 seconds .

========================================================================
Received Import Request.
  Time since last request: 0.000140 seconds.
  path: Assets/HD_Palettes/tree_grass_tiles_1.asset
  artifactKey: Guid(e7556fe0a2fae384a869c3adb4029a86) Importer(815301076,1909f56bfc062723c751e8b465ee728b)
Start importing Assets/HD_Palettes/tree_grass_tiles_1.asset using Guid(e7556fe0a2fae384a869c3adb4029a86) Importer(815301076,1909f56bfc062723c751e8b465ee728b)  -> (artifact id: '1312b34319a525410cd58d52b6ca2caf') in 0.009756 seconds 
  Import took 0.012972 seconds .

========================================================================
Received Import Request.
  Time since last request: 23.593807 seconds.
  path: Assets/HD_Palettes/nest_tiles.png
  artifactKey: Guid(afe63e768fcdc2048a37c4d05858f113) Importer(815301076,1909f56bfc062723c751e8b465ee728b)
Start importing Assets/HD_Palettes/nest_tiles.png using Guid(afe63e768fcdc2048a37c4d05858f113) Importer(815301076,1909f56bfc062723c751e8b465ee728b)  -> (artifact id: '742145b09b15a66d5c8b3c820496cfb5') in 0.010457 seconds 
  Import took 0.014148 seconds .

========================================================================
Received Import Request.
  Time since last request: 6.155965 seconds.
  path: Assets/HD_Palettes/nest_tiles.png
  artifactKey: Guid(afe63e768fcdc2048a37c4d05858f113) Importer(815301076,1909f56bfc062723c751e8b465ee728b)
Start importing Assets/HD_Palettes/nest_tiles.png using Guid(afe63e768fcdc2048a37c4d05858f113) Importer(815301076,1909f56bfc062723c751e8b465ee728b)  -> (artifact id: '350efee8e090c6a74919874ec4cfaa27') in 0.023210 seconds 
  Import took 0.026519 seconds .

========================================================================
Received Import Request.
  Time since last request: 20.962566 seconds.
  path: Assets/HD_Palettes/nest_tiles_0.asset
  artifactKey: Guid(5b6174ebb952ed949b0eb69e0a8f378d) Importer(815301076,1909f56bfc062723c751e8b465ee728b)
Start importing Assets/HD_Palettes/nest_tiles_0.asset using Guid(5b6174ebb952ed949b0eb69e0a8f378d) Importer(815301076,1909f56bfc062723c751e8b465ee728b)  -> (artifact id: 'd5648433e02bf1d29908c841e37f04ca') in 0.019557 seconds 
  Import took 0.022980 seconds .

========================================================================
Received Import Request.
  Time since last request: 0.000248 seconds.
  path: Assets/HD_Palettes/VegetationPalette.prefab
  artifactKey: Guid(c441d6fed2cc1b14fa0e31aa9704bdd4) Importer(815301076,1909f56bfc062723c751e8b465ee728b)
Start importing Assets/HD_Palettes/VegetationPalette.prefab using Guid(c441d6fed2cc1b14fa0e31aa9704bdd4) Importer(815301076,1909f56bfc062723c751e8b465ee728b)  -> (artifact id: 'c2f14f83f95e2495797d237878111c98') in 0.016527 seconds 
  Import took 0.019515 seconds .

========================================================================
Received Import Request.
  Time since last request: 0.000141 seconds.
  path: Assets/HD_Palettes/nest_tiles_1.asset
  artifactKey: Guid(742f757923d38894982995dad2467af8) Importer(815301076,1909f56bfc062723c751e8b465ee728b)
Start importing Assets/HD_Palettes/nest_tiles_1.asset using Guid(742f757923d38894982995dad2467af8) Importer(815301076,1909f56bfc062723c751e8b465ee728b)  -> (artifact id: 'dceb7658f92f2737eb23ddbe4097c7c9') in 0.010146 seconds 
  Import took 0.013235 seconds .

========================================================================
Received Import Request.
  Time since last request: 0.000192 seconds.
  path: Assets/HD_Palettes/nest_tiles_2.asset
  artifactKey: Guid(84f4504471dca5e49809526c0971a10b) Importer(815301076,1909f56bfc062723c751e8b465ee728b)
Start importing Assets/HD_Palettes/nest_tiles_2.asset using Guid(84f4504471dca5e49809526c0971a10b) Importer(815301076,1909f56bfc062723c751e8b465ee728b)  -> (artifact id: '2dd4f7da32600bbc35e57367c2bb0b2b') in 0.009982 seconds 
  Import took 0.012943 seconds .

========================================================================
Received Import Request.
  Time since last request: 38.802909 seconds.
  path: Assets/HD_Palettes/stump_tiles.png
  artifactKey: Guid(a5f020f8bf3f34d419c0c124bf4b69de) Importer(815301076,1909f56bfc062723c751e8b465ee728b)
Start importing Assets/HD_Palettes/stump_tiles.png using Guid(a5f020f8bf3f34d419c0c124bf4b69de) Importer(815301076,1909f56bfc062723c751e8b465ee728b)  -> (artifact id: 'f2516a44e032cd5e22f1cbc1eae06552') in 0.011206 seconds 
  Import took 0.015134 seconds .

========================================================================
Received Import Request.
  Time since last request: 8.823959 seconds.
  path: Assets/HD_Palettes/stump_tiles.png
  artifactKey: Guid(a5f020f8bf3f34d419c0c124bf4b69de) Importer(815301076,1909f56bfc062723c751e8b465ee728b)
Start importing Assets/HD_Palettes/stump_tiles.png using Guid(a5f020f8bf3f34d419c0c124bf4b69de) Importer(815301076,1909f56bfc062723c751e8b465ee728b)  -> (artifact id: '244e3bfb4a2da8068bc18da5732d9d90') in 0.047145 seconds 
  Import took 0.050605 seconds .

========================================================================
Received Import Request.
  Time since last request: 17.259089 seconds.
  path: Assets/HD_Palettes/stump_tiles_0.asset
  artifactKey: Guid(a8776b034ecdf5442ad5dc2c9f8d90f8) Importer(815301076,1909f56bfc062723c751e8b465ee728b)
Start importing Assets/HD_Palettes/stump_tiles_0.asset using Guid(a8776b034ecdf5442ad5dc2c9f8d90f8) Importer(815301076,1909f56bfc062723c751e8b465ee728b)  -> (artifact id: '089cbdbf80ebdb9fa337bfb62b001999') in 0.011260 seconds 
  Import took 0.014427 seconds .

========================================================================
Received Import Request.
  Time since last request: 0.000213 seconds.
  path: Assets/HD_Palettes/stump_tiles_3.asset
  artifactKey: Guid(072ff67a698fcec47b94dcc4ca253269) Importer(815301076,1909f56bfc062723c751e8b465ee728b)
Start importing Assets/HD_Palettes/stump_tiles_3.asset using Guid(072ff67a698fcec47b94dcc4ca253269) Importer(815301076,1909f56bfc062723c751e8b465ee728b)  -> (artifact id: '15ed2ae89d7caa53017ea675fe749846') in 0.010833 seconds 
  Import took 0.014087 seconds .

========================================================================
Received Import Request.
  Time since last request: 0.000184 seconds.
  path: Assets/HD_Palettes/VegetationPalette.prefab
  artifactKey: Guid(c441d6fed2cc1b14fa0e31aa9704bdd4) Importer(815301076,1909f56bfc062723c751e8b465ee728b)
Start importing Assets/HD_Palettes/VegetationPalette.prefab using Guid(c441d6fed2cc1b14fa0e31aa9704bdd4) Importer(815301076,1909f56bfc062723c751e8b465ee728b)  -> (artifact id: '65d00f08f9de50fa840ec73d189497b9') in 0.017005 seconds 
  Import took 0.020327 seconds .

========================================================================
Received Import Request.
  Time since last request: 0.000169 seconds.
  path: Assets/HD_Palettes/stump_tiles_5.asset
  artifactKey: Guid(0f5aa3cd72a8d384f88c12ca450fdeb4) Importer(815301076,1909f56bfc062723c751e8b465ee728b)
Start importing Assets/HD_Palettes/stump_tiles_5.asset using Guid(0f5aa3cd72a8d384f88c12ca450fdeb4) Importer(815301076,1909f56bfc062723c751e8b465ee728b)  -> (artifact id: '917b2af5784c850254b174e034cd94dd') in 0.008705 seconds 
  Import took 0.011688 seconds .

========================================================================
Received Import Request.
  Time since last request: 0.000142 seconds.
  path: Assets/HD_Palettes/stump_tiles_7.asset
  artifactKey: Guid(48fbbccd8ad2d8c4c8879ac4dab58d75) Importer(815301076,1909f56bfc062723c751e8b465ee728b)
Start importing Assets/HD_Palettes/stump_tiles_7.asset using Guid(48fbbccd8ad2d8c4c8879ac4dab58d75) Importer(815301076,1909f56bfc062723c751e8b465ee728b)  -> (artifact id: '625d92448e2b2e65a716ff8952a0ac61') in 0.008618 seconds 
  Import took 0.011866 seconds .

========================================================================
Received Import Request.
  Time since last request: 0.000150 seconds.
  path: Assets/HD_Palettes/stump_tiles_1.asset
  artifactKey: Guid(6c332b74e92bc634e89e387be9ab9e12) Importer(815301076,1909f56bfc062723c751e8b465ee728b)
Start importing Assets/HD_Palettes/stump_tiles_1.asset using Guid(6c332b74e92bc634e89e387be9ab9e12) Importer(815301076,1909f56bfc062723c751e8b465ee728b)  -> (artifact id: '05e8ee3f520ebca2a718184b308cb18a') in 0.012174 seconds 
  Import took 0.015711 seconds .

========================================================================
Received Import Request.
  Time since last request: 0.000163 seconds.
  path: Assets/HD_Palettes/stump_tiles_6.asset
  artifactKey: Guid(6ca86f20de2ff684a802bfeb3bd76c16) Importer(815301076,1909f56bfc062723c751e8b465ee728b)
Start importing Assets/HD_Palettes/stump_tiles_6.asset using Guid(6ca86f20de2ff684a802bfeb3bd76c16) Importer(815301076,1909f56bfc062723c751e8b465ee728b)  -> (artifact id: '20edf2a4ea9c6b9e7707712f13ed1495') in 0.011468 seconds 
  Import took 0.015210 seconds .

========================================================================
Received Import Request.
  Time since last request: 0.000251 seconds.
  path: Assets/HD_Palettes/stump_tiles_2.asset
  artifactKey: Guid(ee820a51e1a717d47b82a1e789c67684) Importer(815301076,1909f56bfc062723c751e8b465ee728b)
Start importing Assets/HD_Palettes/stump_tiles_2.asset using Guid(ee820a51e1a717d47b82a1e789c67684) Importer(815301076,1909f56bfc062723c751e8b465ee728b)  -> (artifact id: 'f2e7c099d726afcedb49638bcd6fec13') in 0.010232 seconds 
  Import took 0.013382 seconds .

========================================================================
Received Import Request.
  Time since last request: 0.000142 seconds.
  path: Assets/HD_Palettes/stump_tiles_4.asset
  artifactKey: Guid(00318438b8d3e984fae8ec348014c895) Importer(815301076,1909f56bfc062723c751e8b465ee728b)
Start importing Assets/HD_Palettes/stump_tiles_4.asset using Guid(00318438b8d3e984fae8ec348014c895) Importer(815301076,1909f56bfc062723c751e8b465ee728b)  -> (artifact id: 'e8a6b4d84c08ff54c89010762e9e8141') in 0.011227 seconds 
  Import took 0.014095 seconds .

========================================================================
Received Import Request.
  Time since last request: 31.198239 seconds.
  path: Assets/HD_Palettes/rocks_tiles.png
  artifactKey: Guid(814f25736db8cec419f2da18bd760073) Importer(815301076,1909f56bfc062723c751e8b465ee728b)
Start importing Assets/HD_Palettes/rocks_tiles.png using Guid(814f25736db8cec419f2da18bd760073) Importer(815301076,1909f56bfc062723c751e8b465ee728b)  -> (artifact id: 'e1ce8963cf37b471ae2a3f23bdcb4af1') in 0.011892 seconds 
  Import took 0.015754 seconds .

========================================================================
Received Import Request.
  Time since last request: 35.608950 seconds.
  path: Assets/HD_Palettes/rocks_tiles.png
  artifactKey: Guid(814f25736db8cec419f2da18bd760073) Importer(815301076,1909f56bfc062723c751e8b465ee728b)
Start importing Assets/HD_Palettes/rocks_tiles.png using Guid(814f25736db8cec419f2da18bd760073) Importer(815301076,1909f56bfc062723c751e8b465ee728b)  -> (artifact id: 'bf9846a81aed9736fbd3f052a9f45b92') in 0.038804 seconds 
  Import took 0.041938 seconds .

========================================================================
Received Import Request.
  Time since last request: 16.810149 seconds.
  path: Assets/HD_Palettes/rocks_tiles_0.asset
  artifactKey: Guid(8e0b0a69ac4c9ac4a9840af30c5d73c6) Importer(815301076,1909f56bfc062723c751e8b465ee728b)
Start importing Assets/HD_Palettes/rocks_tiles_0.asset using Guid(8e0b0a69ac4c9ac4a9840af30c5d73c6) Importer(815301076,1909f56bfc062723c751e8b465ee728b)  -> (artifact id: '2cc7cd020d55adf37123f5ea9c0f7f0e') in 0.023966 seconds 
  Import took 0.027217 seconds .

========================================================================
Received Import Request.
  Time since last request: 0.000251 seconds.
  path: Assets/HD_Palettes/rocks_tiles_1.asset
  artifactKey: Guid(b0a0c26b1d660c7429ee2ef4ef132764) Importer(815301076,1909f56bfc062723c751e8b465ee728b)
Start importing Assets/HD_Palettes/rocks_tiles_1.asset using Guid(b0a0c26b1d660c7429ee2ef4ef132764) Importer(815301076,1909f56bfc062723c751e8b465ee728b)  -> (artifact id: '3a1ee9e43bd44c08b85bd2442c3da0a6') in 0.009225 seconds 
  Import took 0.012148 seconds .

========================================================================
Received Import Request.
  Time since last request: 0.000190 seconds.
  path: Assets/HD_Palettes/rocks_tiles_3.asset
  artifactKey: Guid(6f45188a9c5f52742acf2f9141a28a42) Importer(815301076,1909f56bfc062723c751e8b465ee728b)
Start importing Assets/HD_Palettes/rocks_tiles_3.asset using Guid(6f45188a9c5f52742acf2f9141a28a42) Importer(815301076,1909f56bfc062723c751e8b465ee728b)  -> (artifact id: '6afaaba0b9b5f272e647932dbc95a6fc') in 0.013402 seconds 
  Import took 0.016543 seconds .

========================================================================
Received Import Request.
  Time since last request: 0.000174 seconds.
  path: Assets/HD_Palettes/VegetationPalette.prefab
  artifactKey: Guid(c441d6fed2cc1b14fa0e31aa9704bdd4) Importer(815301076,1909f56bfc062723c751e8b465ee728b)
Start importing Assets/HD_Palettes/VegetationPalette.prefab using Guid(c441d6fed2cc1b14fa0e31aa9704bdd4) Importer(815301076,1909f56bfc062723c751e8b465ee728b)  -> (artifact id: 'ac072be7d97ca140101487694ea7d0fd') in 0.017031 seconds 
  Import took 0.020092 seconds .

========================================================================
Received Import Request.
  Time since last request: 0.000144 seconds.
  path: Assets/HD_Palettes/rocks_tiles_5.asset
  artifactKey: Guid(a83c6632e2e4daf4eb4738232e8546a0) Importer(815301076,1909f56bfc062723c751e8b465ee728b)
Start importing Assets/HD_Palettes/rocks_tiles_5.asset using Guid(a83c6632e2e4daf4eb4738232e8546a0) Importer(815301076,1909f56bfc062723c751e8b465ee728b)  -> (artifact id: 'c60b4fa2cb8a7e4d6ab23c5baa14a6c3') in 0.009564 seconds 
  Import took 0.012457 seconds .

========================================================================
Received Import Request.
  Time since last request: 0.000139 seconds.
  path: Assets/HD_Palettes/rocks_tiles_4.asset
  artifactKey: Guid(ca727065611c6ac4e85954ab4dc00431) Importer(815301076,1909f56bfc062723c751e8b465ee728b)
Start importing Assets/HD_Palettes/rocks_tiles_4.asset using Guid(ca727065611c6ac4e85954ab4dc00431) Importer(815301076,1909f56bfc062723c751e8b465ee728b)  -> (artifact id: '1d853d3f295cab32c7c00c85feecadaa') in 0.008732 seconds 
  Import took 0.011978 seconds .

========================================================================
Received Import Request.
  Time since last request: 0.000225 seconds.
  path: Assets/HD_Palettes/rocks_tiles_2.asset
  artifactKey: Guid(cb2714e58069a0b44a215fc8e1e4d68a) Importer(815301076,1909f56bfc062723c751e8b465ee728b)
Start importing Assets/HD_Palettes/rocks_tiles_2.asset using Guid(cb2714e58069a0b44a215fc8e1e4d68a) Importer(815301076,1909f56bfc062723c751e8b465ee728b)  -> (artifact id: '9e583f5168a152f1fffd33db7f501ab9') in 0.010004 seconds 
  Import took 0.013026 seconds .

========================================================================
Received Import Request.
  Time since last request: 223.122117 seconds.
  path: Assets/HD_Palettes/stump_tiles_0 1.asset
  artifactKey: Guid(79147097da754c94b99426c27c32b6bd) Importer(815301076,1909f56bfc062723c751e8b465ee728b)
Start importing Assets/HD_Palettes/stump_tiles_0 1.asset using Guid(79147097da754c94b99426c27c32b6bd) Importer(815301076,1909f56bfc062723c751e8b465ee728b)  -> (artifact id: 'e499d87c066b59dfe8801508b0bfb8ab') in 0.013618 seconds 
  Import took 0.017002 seconds .

========================================================================
Received Import Request.
  Time since last request: 0.000133 seconds.
  path: Assets/HD_Palettes/stump_tiles_6 1.asset
  artifactKey: Guid(cf8366cdcf5aaea4a9c898ac19910071) Importer(815301076,1909f56bfc062723c751e8b465ee728b)
Start importing Assets/HD_Palettes/stump_tiles_6 1.asset using Guid(cf8366cdcf5aaea4a9c898ac19910071) Importer(815301076,1909f56bfc062723c751e8b465ee728b)  -> (artifact id: 'b913bc8a44df24ebf6e0e9ffd5122c5c') in 0.015096 seconds 
  Import took 0.018053 seconds .

========================================================================
Received Import Request.
  Time since last request: 0.000154 seconds.
  path: Assets/HD_Palettes/stump_tiles_2 1.asset
  artifactKey: Guid(5ba9884003da1d7469bac3173510d0e9) Importer(815301076,1909f56bfc062723c751e8b465ee728b)
Start importing Assets/HD_Palettes/stump_tiles_2 1.asset using Guid(5ba9884003da1d7469bac3173510d0e9) Importer(815301076,1909f56bfc062723c751e8b465ee728b)  -> (artifact id: '263c6cdde007fcd3ccc058d9236263ae') in 0.010277 seconds 
  Import took 0.013525 seconds .

========================================================================
Received Import Request.
  Time since last request: 0.000129 seconds.
  path: Assets/HD_Palettes/stump_tiles_5 1.asset
  artifactKey: Guid(79444a0fd8a527c49ad9a9e120c3a0a6) Importer(815301076,1909f56bfc062723c751e8b465ee728b)
Start importing Assets/HD_Palettes/stump_tiles_5 1.asset using Guid(79444a0fd8a527c49ad9a9e120c3a0a6) Importer(815301076,1909f56bfc062723c751e8b465ee728b)  -> (artifact id: '546c063eb8a5ab0846dba465038a33e3') in 0.010242 seconds 
  Import took 0.013286 seconds .

========================================================================
Received Import Request.
  Time since last request: 0.000166 seconds.
  path: Assets/HD_Palettes/stump_tiles_3 1.asset
  artifactKey: Guid(c522c8210375757448338fb36ca161a4) Importer(815301076,1909f56bfc062723c751e8b465ee728b)
Start importing Assets/HD_Palettes/stump_tiles_3 1.asset using Guid(c522c8210375757448338fb36ca161a4) Importer(815301076,1909f56bfc062723c751e8b465ee728b)  -> (artifact id: 'fc96c2057d9e62eeabc03ea68f820c87') in 0.009321 seconds 
  Import took 0.012523 seconds .

========================================================================
Received Import Request.
  Time since last request: 0.000175 seconds.
  path: Assets/HD_Palettes/stump_tiles_4 1.asset
  artifactKey: Guid(6ae90999769e4f240a2f04fadc5edf61) Importer(815301076,1909f56bfc062723c751e8b465ee728b)
Start importing Assets/HD_Palettes/stump_tiles_4 1.asset using Guid(6ae90999769e4f240a2f04fadc5edf61) Importer(815301076,1909f56bfc062723c751e8b465ee728b)  -> (artifact id: '522e1fa34f7f0b58da00b0f17f39b3b9') in 0.008737 seconds 
  Import took 0.011725 seconds .

========================================================================
Received Import Request.
  Time since last request: 0.000233 seconds.
  path: Assets/HD_Palettes/stump_tiles_7 1.asset
  artifactKey: Guid(24a65a5cb2a7916408346150c8203ace) Importer(815301076,1909f56bfc062723c751e8b465ee728b)
Start importing Assets/HD_Palettes/stump_tiles_7 1.asset using Guid(24a65a5cb2a7916408346150c8203ace) Importer(815301076,1909f56bfc062723c751e8b465ee728b)  -> (artifact id: '87dfc0c1e835f7d1a87851da8384f524') in 0.008933 seconds 
  Import took 0.012188 seconds .

========================================================================
Received Import Request.
  Time since last request: 0.000142 seconds.
  path: Assets/HD_Palettes/stump_tiles_1 1.asset
  artifactKey: Guid(ca35b9ea89f64da4ea48dbae1e14372a) Importer(815301076,1909f56bfc062723c751e8b465ee728b)
Start importing Assets/HD_Palettes/stump_tiles_1 1.asset using Guid(ca35b9ea89f64da4ea48dbae1e14372a) Importer(815301076,1909f56bfc062723c751e8b465ee728b)  -> (artifact id: '7bf3af21311c5ee11583cdda31397769') in 0.008934 seconds 
  Import took 0.012080 seconds .

========================================================================
Received Import Request.
  Time since last request: 1382.843125 seconds.
  path: Assets/HD_Palettes/hay.png
  artifactKey: Guid(493288fdf438f3a40b953c2abd5ff291) Importer(815301076,1909f56bfc062723c751e8b465ee728b)
Start importing Assets/HD_Palettes/hay.png using Guid(493288fdf438f3a40b953c2abd5ff291) Importer(815301076,1909f56bfc062723c751e8b465ee728b)  -> (artifact id: '7b15cb48b81be6475d1fa46c4979f81f') in 0.019068 seconds 
  Import took 0.022643 seconds .

========================================================================
Received Import Request.
  Time since last request: 13.808971 seconds.
  path: Assets/HD_Palettes/bones.png
  artifactKey: Guid(18f0dc020144a894b95acee701b30b2c) Importer(815301076,1909f56bfc062723c751e8b465ee728b)
Start importing Assets/HD_Palettes/bones.png using Guid(18f0dc020144a894b95acee701b30b2c) Importer(815301076,1909f56bfc062723c751e8b465ee728b)  -> (artifact id: '3ad2a138667f3af3417b0c95e371cccb') in 0.020178 seconds 
  Import took 0.023504 seconds .

========================================================================
Received Import Request.
  Time since last request: 36.707617 seconds.
  path: Assets/HD_Palettes/bones.png
  artifactKey: Guid(18f0dc020144a894b95acee701b30b2c) Importer(815301076,1909f56bfc062723c751e8b465ee728b)
Start importing Assets/HD_Palettes/bones.png using Guid(18f0dc020144a894b95acee701b30b2c) Importer(815301076,1909f56bfc062723c751e8b465ee728b)  -> (artifact id: 'da01b9b949867944c334b1ca46f5140a') in 0.013140 seconds 
  Import took 0.017261 seconds .

========================================================================
Received Import Request.
  Time since last request: 27.702596 seconds.
  path: Assets/HD_Palettes/bones.png
  artifactKey: Guid(18f0dc020144a894b95acee701b30b2c) Importer(815301076,1909f56bfc062723c751e8b465ee728b)
Start importing Assets/HD_Palettes/bones.png using Guid(18f0dc020144a894b95acee701b30b2c) Importer(815301076,1909f56bfc062723c751e8b465ee728b)  -> (artifact id: '144657b1632967ea3e3b7f7403d97483') in 0.028947 seconds 
  Import took 0.032119 seconds .

========================================================================
Received Import Request.
  Time since last request: 10.073920 seconds.
  path: Assets/HD_Palettes/bones_0.asset
  artifactKey: Guid(90336cf992025fa4eae92b7729b32ef4) Importer(815301076,1909f56bfc062723c751e8b465ee728b)
Start importing Assets/HD_Palettes/bones_0.asset using Guid(90336cf992025fa4eae92b7729b32ef4) Importer(815301076,1909f56bfc062723c751e8b465ee728b)  -> (artifact id: '78d4c1ae9fbb34364d61617c857e9260') in 0.012683 seconds 
  Import took 0.015785 seconds .

========================================================================
Received Import Request.
  Time since last request: 0.000158 seconds.
  path: Assets/HD_Palettes/bones_1.asset
  artifactKey: Guid(d32f2293866b9134fb98a524c12a854a) Importer(815301076,1909f56bfc062723c751e8b465ee728b)
Start importing Assets/HD_Palettes/bones_1.asset using Guid(d32f2293866b9134fb98a524c12a854a) Importer(815301076,1909f56bfc062723c751e8b465ee728b)  -> (artifact id: '95df3c6e15f170aadaf80e266f0940a1') in 0.008813 seconds 
  Import took 0.011557 seconds .

========================================================================
Received Import Request.
  Time since last request: 0.000193 seconds.
  path: Assets/HD_Palettes/VegetationPalette.prefab
  artifactKey: Guid(c441d6fed2cc1b14fa0e31aa9704bdd4) Importer(815301076,1909f56bfc062723c751e8b465ee728b)
Start importing Assets/HD_Palettes/VegetationPalette.prefab using Guid(c441d6fed2cc1b14fa0e31aa9704bdd4) Importer(815301076,1909f56bfc062723c751e8b465ee728b)  -> (artifact id: '81d6953e76a4a5e264b4fa4d590610b5') in 0.017547 seconds 
  Import took 0.020698 seconds .

========================================================================
Received Import Request.
  Time since last request: 0.000139 seconds.
  path: Assets/HD_Palettes/bones_2.asset
  artifactKey: Guid(592ba67a7221efa4ebc7916c74da1f09) Importer(815301076,1909f56bfc062723c751e8b465ee728b)
Start importing Assets/HD_Palettes/bones_2.asset using Guid(592ba67a7221efa4ebc7916c74da1f09) Importer(815301076,1909f56bfc062723c751e8b465ee728b)  -> (artifact id: '32a64d6b48686a8b9adf1d16103261b7') in 0.008758 seconds 
  Import took 0.011774 seconds .

========================================================================
Received Import Request.
  Time since last request: 0.000172 seconds.
  path: Assets/HD_Palettes/bones_3.asset
  artifactKey: Guid(fc981a39ca5003a4f9bb56c8e175e449) Importer(815301076,1909f56bfc062723c751e8b465ee728b)
Start importing Assets/HD_Palettes/bones_3.asset using Guid(fc981a39ca5003a4f9bb56c8e175e449) Importer(815301076,1909f56bfc062723c751e8b465ee728b)  -> (artifact id: '2dc422f08e8959a7f4255da5d66df31f') in 0.009999 seconds 
  Import took 0.013335 seconds .

========================================================================
Received Import Request.
  Time since last request: 50.016392 seconds.
  path: Assets/HD_Palettes/hay.png
  artifactKey: Guid(493288fdf438f3a40b953c2abd5ff291) Importer(815301076,1909f56bfc062723c751e8b465ee728b)
Start importing Assets/HD_Palettes/hay.png using Guid(493288fdf438f3a40b953c2abd5ff291) Importer(815301076,1909f56bfc062723c751e8b465ee728b)  -> (artifact id: 'c2106effba43cc56b1d920cc2e093452') in 0.011384 seconds 
  Import took 0.014939 seconds .

========================================================================
Received Import Request.
  Time since last request: 21.541566 seconds.
  path: Assets/HD_Palettes/hay.png
  artifactKey: Guid(493288fdf438f3a40b953c2abd5ff291) Importer(815301076,1909f56bfc062723c751e8b465ee728b)
Start importing Assets/HD_Palettes/hay.png using Guid(493288fdf438f3a40b953c2abd5ff291) Importer(815301076,1909f56bfc062723c751e8b465ee728b)  -> (artifact id: '31a5f8491390ce019a9ad280e0c26f45') in 0.016710 seconds 
  Import took 0.020663 seconds .

========================================================================
Received Import Request.
  Time since last request: 7.884952 seconds.
  path: Assets/HD_Palettes/hay_0.asset
  artifactKey: Guid(4735e492b55fa9e4c8dfc605a3eda77e) Importer(815301076,1909f56bfc062723c751e8b465ee728b)
Start importing Assets/HD_Palettes/hay_0.asset using Guid(4735e492b55fa9e4c8dfc605a3eda77e) Importer(815301076,1909f56bfc062723c751e8b465ee728b)  -> (artifact id: 'f1b7844a484afacd71160ff6be93a1d9') in 0.009698 seconds 
  Import took 0.012845 seconds .

========================================================================
Received Import Request.
  Time since last request: 0.000198 seconds.
  path: Assets/HD_Palettes/VegetationPalette.prefab
  artifactKey: Guid(c441d6fed2cc1b14fa0e31aa9704bdd4) Importer(815301076,1909f56bfc062723c751e8b465ee728b)
Start importing Assets/HD_Palettes/VegetationPalette.prefab using Guid(c441d6fed2cc1b14fa0e31aa9704bdd4) Importer(815301076,1909f56bfc062723c751e8b465ee728b)  -> (artifact id: '3533050ff4fec710a077ef3b6164e089') in 0.014450 seconds 
  Import took 0.017597 seconds .

========================================================================
Received Import Request.
  Time since last request: 291.117083 seconds.
  path: Assets/HD_Palettes/rock_wall.png
  artifactKey: Guid(49bc5a3af2cd8b740aa07db8c06331a8) Importer(815301076,1909f56bfc062723c751e8b465ee728b)
Start importing Assets/HD_Palettes/rock_wall.png using Guid(49bc5a3af2cd8b740aa07db8c06331a8) Importer(815301076,1909f56bfc062723c751e8b465ee728b)  -> (artifact id: 'a207120683d79df15de7cd484b75942c') in 0.013876 seconds 
  Import took 0.017427 seconds .

========================================================================
Received Import Request.
  Time since last request: 18.168804 seconds.
  path: Assets/HD_Palettes/rock_wall.png
  artifactKey: Guid(49bc5a3af2cd8b740aa07db8c06331a8) Importer(815301076,1909f56bfc062723c751e8b465ee728b)
Start importing Assets/HD_Palettes/rock_wall.png using Guid(49bc5a3af2cd8b740aa07db8c06331a8) Importer(815301076,1909f56bfc062723c751e8b465ee728b)  -> (artifact id: '4ba19ccc69b8712cdf0c19ad9fc1a56f') in 0.011378 seconds 
  Import took 0.015061 seconds .

========================================================================
Received Import Request.
  Time since last request: 98.938514 seconds.
  path: Assets/HD_Palettes/rock_wall.png
  artifactKey: Guid(49bc5a3af2cd8b740aa07db8c06331a8) Importer(815301076,1909f56bfc062723c751e8b465ee728b)
Start importing Assets/HD_Palettes/rock_wall.png using Guid(49bc5a3af2cd8b740aa07db8c06331a8) Importer(815301076,1909f56bfc062723c751e8b465ee728b)  -> (artifact id: 'e37220f280c307383f2b9363934317b5') in 0.020380 seconds 
  Import took 0.023919 seconds .

========================================================================
Received Import Request.
  Time since last request: 19.905980 seconds.
  path: Assets/HD_Palettes/rock_wall_0.asset
  artifactKey: Guid(1b64e24d57f3b3e4aa924e5fd6473f5a) Importer(815301076,1909f56bfc062723c751e8b465ee728b)
Start importing Assets/HD_Palettes/rock_wall_0.asset using Guid(1b64e24d57f3b3e4aa924e5fd6473f5a) Importer(815301076,1909f56bfc062723c751e8b465ee728b)  -> (artifact id: 'f54c719b1a5249c6c2439d564de6b3ae') in 0.016803 seconds 
  Import took 0.019854 seconds .

========================================================================
Received Import Request.
  Time since last request: 0.000185 seconds.
  path: Assets/HD_Palettes/rock_wall_2.asset
  artifactKey: Guid(85ab75a229047fd41aa250b0a7360671) Importer(815301076,1909f56bfc062723c751e8b465ee728b)
Start importing Assets/HD_Palettes/rock_wall_2.asset using Guid(85ab75a229047fd41aa250b0a7360671) Importer(815301076,1909f56bfc062723c751e8b465ee728b)  -> (artifact id: '43745a4d4c28de889b1f8c8c23018431') in 0.011439 seconds 
  Import took 0.014847 seconds .

========================================================================
Received Import Request.
  Time since last request: 0.000240 seconds.
  path: Assets/HD_Palettes/rock_wall_1.asset
  artifactKey: Guid(2b49443be2096564bb292b57a422788f) Importer(815301076,1909f56bfc062723c751e8b465ee728b)
Start importing Assets/HD_Palettes/rock_wall_1.asset using Guid(2b49443be2096564bb292b57a422788f) Importer(815301076,1909f56bfc062723c751e8b465ee728b)  -> (artifact id: '9a60ae331a2a3c72fd13ec6298f39f67') in 0.009317 seconds 
  Import took 0.012318 seconds .

AssetImportWorkerClient::OnTransportError - code=2 error=End of file
